#
# There is insufficient memory for the Java Runtime Environment to continue.
# Native memory allocation (mmap) failed to map 819200 bytes for G1 virtual space
# Possible reasons:
#   The system is out of physical RAM or swap space
#   The process is running with CompressedOops enabled, and the Java Heap may be blocking the growth of the native heap
# Possible solutions:
#   Reduce memory load on the system
#   Increase physical memory or swap space
#   Check if swap backing store is full
#   Decrease Java heap size (-Xmx/-Xms)
#   Decrease number of Java threads
#   Decrease Java thread stack sizes (-Xss)
#   Set larger code cache with -XX:ReservedCodeCacheSize=
#   JVM is running with Unscaled Compressed Oops mode in which the Java heap is
#     placed in the first 4GB address space. The Java Heap base address is the
#     maximum limit for the native heap growth. Please use -XX:HeapBaseMinAddress
#     to set the Java Heap base and to place the Java Heap above 4GB virtual address.
# This output file may be truncated or incomplete.
#
#  Out of Memory Error (os_windows.cpp:3548), pid=8776, tid=1196
#
# JRE version: OpenJDK Runtime Environment Temurin-17.0.5+8 (17.0.5+8) (build 17.0.5+8)
# Java VM: OpenJDK 64-Bit Server VM Temurin-17.0.5+8 (17.0.5+8, mixed mode, emulated-client, tiered, compressed oops, compressed class ptrs, g1 gc, windows-amd64)
# No core dump will be written. Minidumps are not enabled by default on client versions of Windows
#

---------------  S U M M A R Y ------------

Command Line: -XX:+HeapDumpOnOutOfMemoryError -Xmx1024m -Dsts.lsp.client=vscode -Dsts.log.file=/dev/null -XX:TieredStopAtLevel=1 -Xlog:jni+resolve=off -Dspring.config.location=file:c:\Users\NOTEBOOK\.vscode\extensions\vmware.vscode-spring-boot-1.44.0\language-server\BOOT-INF\classes\application.properties org.springframework.ide.vscode.boot.app.BootLanguageServerBootApp

Host: Intel(R) Celeron(R) CPU 847 @ 1.10GHz, 2 cores, 3G,  Windows 10 , 64 bit Build 19041 (10.0.19041.2364)
Time: Wed Feb  1 19:21:04 2023 Hora oficial do Brasil elapsed time: 125.690514 seconds (0d 0h 2m 5s)

---------------  T H R E A D  ---------------

Current thread (0x000001ef35fdac60):  VMThread "VM Thread" [stack: 0x000000e1b7000000,0x000000e1b7100000] [id=1196]

Stack: [0x000000e1b7000000,0x000000e1b7100000]
Native frames: (J=compiled Java code, j=interpreted, Vv=VM code, C=native code)
V  [jvm.dll+0x676b3a]
V  [jvm.dll+0x831444]
V  [jvm.dll+0x832bee]
V  [jvm.dll+0x833253]
V  [jvm.dll+0x244ce5]
V  [jvm.dll+0x673a49]
V  [jvm.dll+0x66811a]
V  [jvm.dll+0x303ceb]
V  [jvm.dll+0x30b1e6]
V  [jvm.dll+0x35ade8]
V  [jvm.dll+0x35afef]
V  [jvm.dll+0x2dab88]
V  [jvm.dll+0x2d8e3c]
V  [jvm.dll+0x2d840c]
V  [jvm.dll+0x31c31b]
V  [jvm.dll+0x8376fb]
V  [jvm.dll+0x838434]
V  [jvm.dll+0x83894c]
V  [jvm.dll+0x838d24]
V  [jvm.dll+0x838df0]
V  [jvm.dll+0x7e17ea]
V  [jvm.dll+0x6759e5]
C  [ucrtbase.dll+0x21bb2]
C  [KERNEL32.DLL+0x17614]
C  [ntdll.dll+0x526a1]

VM_Operation (0x000000e1b88fe1f0): G1CollectForAllocation, mode: safepoint, requested by thread 0x000001ef386a0e60


---------------  P R O C E S S  ---------------

Threads class SMR info:
_java_thread_list=0x000001ef38cd77e0, length=28, elements={
0x000001ef36007750, 0x000001ef360085c0, 0x000001ef36032a30, 0x000001ef360396c0,
0x000001ef3603b080, 0x000001ef3603ba30, 0x000001ef3603c490, 0x000001ef36067550,
0x000001ef36da3770, 0x000001ef36db9020, 0x000001ef381c4030, 0x000001ef381c47f0,
0x000001ef382c3040, 0x000001ef382c37b0, 0x000001ef2bf03d30, 0x000001ef3853c2f0,
0x000001ef38872540, 0x000001ef3869e310, 0x000001ef386a0990, 0x000001ef386a0e60,
0x000001ef386a1800, 0x000001ef3869e7e0, 0x000001ef3869ecb0, 0x000001ef3869f650,
0x000001ef3869f180, 0x000001ef3869fb20, 0x000001ef386a04c0, 0x000001ef38d3a890
}

Java Threads: ( => current thread )
  0x000001ef36007750 JavaThread "Reference Handler" daemon [_thread_blocked, id=9420, stack(0x000000e1b7100000,0x000000e1b7200000)]
  0x000001ef360085c0 JavaThread "Finalizer" daemon [_thread_blocked, id=8084, stack(0x000000e1b7200000,0x000000e1b7300000)]
  0x000001ef36032a30 JavaThread "Signal Dispatcher" daemon [_thread_blocked, id=1144, stack(0x000000e1b7300000,0x000000e1b7400000)]
  0x000001ef360396c0 JavaThread "Attach Listener" daemon [_thread_blocked, id=292, stack(0x000000e1b7400000,0x000000e1b7500000)]
  0x000001ef3603b080 JavaThread "Service Thread" daemon [_thread_blocked, id=9408, stack(0x000000e1b7500000,0x000000e1b7600000)]
  0x000001ef3603ba30 JavaThread "Monitor Deflation Thread" daemon [_thread_blocked, id=6280, stack(0x000000e1b7600000,0x000000e1b7700000)]
  0x000001ef3603c490 JavaThread "C1 CompilerThread0" daemon [_thread_blocked, id=8716, stack(0x000000e1b7700000,0x000000e1b7800000)]
  0x000001ef36067550 JavaThread "Sweeper thread" daemon [_thread_blocked, id=10060, stack(0x000000e1b7800000,0x000000e1b7900000)]
  0x000001ef36da3770 JavaThread "Notification Thread" daemon [_thread_blocked, id=8804, stack(0x000000e1b7900000,0x000000e1b7a00000)]
  0x000001ef36db9020 JavaThread "Common-Cleaner" daemon [_thread_blocked, id=8124, stack(0x000000e1b7b00000,0x000000e1b7c00000)]
  0x000001ef381c4030 JavaThread "boundedElastic-evictor-1" daemon [_thread_blocked, id=7728, stack(0x000000e1b7d00000,0x000000e1b7e00000)]
  0x000001ef381c47f0 JavaThread "boundedElastic-evictor-2" daemon [_thread_blocked, id=6808, stack(0x000000e1b7e00000,0x000000e1b7f00000)]
  0x000001ef382c3040 JavaThread "pool-10-thread-1" [_thread_in_native, id=7956, stack(0x000000e1b7f00000,0x000000e1b8000000)]
  0x000001ef382c37b0 JavaThread "LanguageServerApp-lifecycle" [_thread_blocked, id=3372, stack(0x000000e1b8000000,0x000000e1b8100000)]
  0x000001ef2bf03d30 JavaThread "DestroyJavaVM" [_thread_blocked, id=1868, stack(0x000000e1b6a00000,0x000000e1b6b00000)]
  0x000001ef3853c2f0 JavaThread "pool-11-thread-1" [_thread_in_native, id=7572, stack(0x000000e1b8100000,0x000000e1b8200000)]
  0x000001ef38872540 JavaThread "Simple-Language-Server main thread" daemon [_thread_blocked, id=9092, stack(0x000000e1b8200000,0x000000e1b8300000)]
  0x000001ef3869e310 JavaThread "pool-6-thread-1" [_thread_blocked, id=2552, stack(0x000000e1b8600000,0x000000e1b8700000)]
  0x000001ef386a0990 JavaThread "Thread-1" [_thread_blocked, id=10116, stack(0x000000e1b8700000,0x000000e1b8800000)]
  0x000001ef386a0e60 JavaThread "ClassGraph-worker-0" daemon [_thread_blocked, id=10220, stack(0x000000e1b8800000,0x000000e1b8900000)]
  0x000001ef386a1800 JavaThread "parallel-1" daemon [_thread_blocked, id=9516, stack(0x000000e1b8900000,0x000000e1b8a00000)]
  0x000001ef3869e7e0 JavaThread "parallel-2" daemon [_thread_blocked, id=6472, stack(0x000000e1b8a00000,0x000000e1b8b00000)]
  0x000001ef3869ecb0 JavaThread "pool-3-thread-1" [_thread_blocked, id=5624, stack(0x000000e1b8b00000,0x000000e1b8c00000)]
  0x000001ef3869f650 JavaThread "pool-3-thread-2" [_thread_blocked, id=6236, stack(0x000000e1b8d00000,0x000000e1b8e00000)]
  0x000001ef3869f180 JavaThread "ClassGraph-worker-1" daemon [_thread_blocked, id=3540, stack(0x000000e1b8c00000,0x000000e1b8d00000)]
  0x000001ef3869fb20 JavaThread "ClassGraph-worker-2" daemon [_thread_blocked, id=9072, stack(0x000000e1b8e00000,0x000000e1b8f00000)]
  0x000001ef386a04c0 JavaThread "ClassGraph-worker-3" daemon [_thread_blocked, id=6140, stack(0x000000e1b8f00000,0x000000e1b9000000)]
  0x000001ef38d3a890 JavaThread "pool-4-thread-1" [_thread_blocked, id=6016, stack(0x000000e1b9100000,0x000000e1b9200000)]

Other Threads:
=>0x000001ef35fdac60 VMThread "VM Thread" [stack: 0x000000e1b7000000,0x000000e1b7100000] [id=1196]
  0x000001ef36da3c40 WatcherThread [stack: 0x000000e1b7a00000,0x000000e1b7b00000] [id=8612]
  0x000001ef2bf42b30 GCTaskThread "GC Thread#0" [stack: 0x000000e1b6b00000,0x000000e1b6c00000] [id=3552]
  0x000001ef3721b110 GCTaskThread "GC Thread#1" [stack: 0x000000e1b7c00000,0x000000e1b7d00000] [id=2320]
  0x000001ef2bf4c990 ConcurrentGCThread "G1 Main Marker" [stack: 0x000000e1b6c00000,0x000000e1b6d00000] [id=5700]
  0x000001ef2bf4d3a0 ConcurrentGCThread "G1 Conc#0" [stack: 0x000000e1b6d00000,0x000000e1b6e00000] [id=5696]
  0x000001ef2bf90770 ConcurrentGCThread "G1 Refine#0" [stack: 0x000000e1b6e00000,0x000000e1b6f00000] [id=10228]
  0x000001ef2bf91190 ConcurrentGCThread "G1 Service" [stack: 0x000000e1b6f00000,0x000000e1b7000000] [id=3344]

Threads with active compile tasks:

VM state: at safepoint (normal execution)

VM Mutex/Monitor currently owned by a thread:  ([mutex/lock_event])
[0x000001ef29d4bd70] Threads_lock - owner thread: 0x000001ef35fdac60
[0x000001ef2bf023b0] Heap_lock - owner thread: 0x000001ef386a0e60

Heap address: 0x00000000c0000000, size: 1024 MB, Compressed Oops mode: 32-bit

CDS archive(s) not mapped
Compressed class space mapped at: 0x0000000100000000-0x0000000140000000, reserved size: 1073741824
Narrow klass base: 0x0000000000000000, Narrow klass shift: 3, Narrow klass range: 0x140000000

GC Precious Log:
 CPUs: 2 total, 2 available
 Memory: 3985M
 Large Page Support: Disabled
 NUMA Support: Disabled
 Compressed Oops: Enabled (32-bit)
 Heap Region Size: 1M
 Heap Min Capacity: 8M
 Heap Initial Capacity: 64M
 Heap Max Capacity: 1G
 Pre-touch: Disabled
 Parallel Workers: 2
 Concurrent Workers: 1
 Concurrent Refinement Workers: 2
 Periodic GC: Disabled

Heap:
 garbage-first heap   total 296960K, used 236851K [0x00000000c0000000, 0x0000000100000000)
  region size 1024K, 3 young (3072K), 3 survivors (3072K)
 Metaspace       used 52861K, committed 53312K, reserved 1097728K
  class space    used 6633K, committed 6848K, reserved 1048576K

Heap Regions: E=young(eden), S=young(survivor), O=old, HS=humongous(starts), HC=humongous(continues), CS=collection set, F=free, OA=open archive, CA=closed archive, TAMS=top-at-mark-start (previous, next)
|   0|0x00000000c0000000, 0x00000000c0100000, 0x00000000c0100000|100%| O|  |TAMS 0x00000000c0100000, 0x00000000c0000000| Untracked 
|   1|0x00000000c0100000, 0x00000000c0200000, 0x00000000c0200000|100%| O|  |TAMS 0x00000000c0200000, 0x00000000c0100000| Untracked 
|   2|0x00000000c0200000, 0x00000000c0300000, 0x00000000c0300000|100%| O|  |TAMS 0x00000000c0300000, 0x00000000c0200000| Untracked 
|   3|0x00000000c0300000, 0x00000000c0400000, 0x00000000c0400000|100%| O|  |TAMS 0x00000000c0400000, 0x00000000c0300000| Untracked 
|   4|0x00000000c0400000, 0x00000000c0500000, 0x00000000c0500000|100%| O|  |TAMS 0x00000000c0500000, 0x00000000c0400000| Untracked 
|   5|0x00000000c0500000, 0x00000000c0600000, 0x00000000c0600000|100%| O|  |TAMS 0x00000000c0600000, 0x00000000c0500000| Untracked 
|   6|0x00000000c0600000, 0x00000000c0700000, 0x00000000c0700000|100%| O|  |TAMS 0x00000000c0700000, 0x00000000c0600000| Untracked 
|   7|0x00000000c0700000, 0x00000000c0800000, 0x00000000c0800000|100%| O|  |TAMS 0x00000000c0800000, 0x00000000c0700000| Untracked 
|   8|0x00000000c0800000, 0x00000000c0900000, 0x00000000c0900000|100%| O|  |TAMS 0x00000000c0900000, 0x00000000c0800000| Untracked 
|   9|0x00000000c0900000, 0x00000000c0a00000, 0x00000000c0a00000|100%| O|  |TAMS 0x00000000c0a00000, 0x00000000c0900000| Untracked 
|  10|0x00000000c0a00000, 0x00000000c0b00000, 0x00000000c0b00000|100%| O|  |TAMS 0x00000000c0b00000, 0x00000000c0a00000| Untracked 
|  11|0x00000000c0b00000, 0x00000000c0c00000, 0x00000000c0c00000|100%| O|  |TAMS 0x00000000c0c00000, 0x00000000c0b00000| Untracked 
|  12|0x00000000c0c00000, 0x00000000c0d00000, 0x00000000c0d00000|100%| O|  |TAMS 0x00000000c0d00000, 0x00000000c0c00000| Untracked 
|  13|0x00000000c0d00000, 0x00000000c0e00000, 0x00000000c0e00000|100%| O|  |TAMS 0x00000000c0e00000, 0x00000000c0d00000| Untracked 
|  14|0x00000000c0e00000, 0x00000000c0f00000, 0x00000000c0f00000|100%| O|  |TAMS 0x00000000c0f00000, 0x00000000c0e00000| Untracked 
|  15|0x00000000c0f00000, 0x00000000c1000000, 0x00000000c1000000|100%| O|  |TAMS 0x00000000c1000000, 0x00000000c0f00000| Untracked 
|  16|0x00000000c1000000, 0x00000000c1100000, 0x00000000c1100000|100%| O|  |TAMS 0x00000000c1100000, 0x00000000c1000000| Untracked 
|  17|0x00000000c1100000, 0x00000000c1200000, 0x00000000c1200000|100%| O|  |TAMS 0x00000000c1200000, 0x00000000c1100000| Untracked 
|  18|0x00000000c1200000, 0x00000000c1300000, 0x00000000c1300000|100%| O|  |TAMS 0x00000000c1300000, 0x00000000c1200000| Untracked 
|  19|0x00000000c1300000, 0x00000000c1400000, 0x00000000c1400000|100%| O|  |TAMS 0x00000000c1400000, 0x00000000c1300000| Untracked 
|  20|0x00000000c1400000, 0x00000000c1500000, 0x00000000c1500000|100%| O|  |TAMS 0x00000000c1500000, 0x00000000c1400000| Untracked 
|  21|0x00000000c1500000, 0x00000000c1600000, 0x00000000c1600000|100%| O|  |TAMS 0x00000000c1600000, 0x00000000c1500000| Untracked 
|  22|0x00000000c1600000, 0x00000000c1700000, 0x00000000c1700000|100%| O|  |TAMS 0x00000000c1700000, 0x00000000c1600000| Untracked 
|  23|0x00000000c1700000, 0x00000000c1800000, 0x00000000c1800000|100%| O|  |TAMS 0x00000000c1800000, 0x00000000c1700000| Untracked 
|  24|0x00000000c1800000, 0x00000000c1900000, 0x00000000c1900000|100%| O|  |TAMS 0x00000000c1900000, 0x00000000c1800000| Untracked 
|  25|0x00000000c1900000, 0x00000000c1a00000, 0x00000000c1a00000|100%| O|  |TAMS 0x00000000c1a00000, 0x00000000c1900000| Untracked 
|  26|0x00000000c1a00000, 0x00000000c1b00000, 0x00000000c1b00000|100%| O|  |TAMS 0x00000000c1b00000, 0x00000000c1a00000| Untracked 
|  27|0x00000000c1b00000, 0x00000000c1c00000, 0x00000000c1c00000|100%| O|  |TAMS 0x00000000c1c00000, 0x00000000c1b00000| Untracked 
|  28|0x00000000c1c00000, 0x00000000c1d00000, 0x00000000c1d00000|100%| O|  |TAMS 0x00000000c1d00000, 0x00000000c1c00000| Untracked 
|  29|0x00000000c1d00000, 0x00000000c1e00000, 0x00000000c1e00000|100%| O|  |TAMS 0x00000000c1e00000, 0x00000000c1d00000| Untracked 
|  30|0x00000000c1e00000, 0x00000000c1f00000, 0x00000000c1f00000|100%| O|  |TAMS 0x00000000c1f00000, 0x00000000c1e00000| Untracked 
|  31|0x00000000c1f00000, 0x00000000c2000000, 0x00000000c2000000|100%| O|  |TAMS 0x00000000c2000000, 0x00000000c1f00000| Untracked 
|  32|0x00000000c2000000, 0x00000000c2100000, 0x00000000c2100000|100%| O|  |TAMS 0x00000000c2100000, 0x00000000c2000000| Untracked 
|  33|0x00000000c2100000, 0x00000000c2200000, 0x00000000c2200000|100%|HS|  |TAMS 0x00000000c2200000, 0x00000000c2100000| Complete 
|  34|0x00000000c2200000, 0x00000000c2300000, 0x00000000c2300000|100%| O|  |TAMS 0x00000000c2300000, 0x00000000c2200000| Untracked 
|  35|0x00000000c2300000, 0x00000000c2400000, 0x00000000c2400000|100%| O|  |TAMS 0x00000000c2400000, 0x00000000c2300000| Untracked 
|  36|0x00000000c2400000, 0x00000000c2500000, 0x00000000c2500000|100%| O|  |TAMS 0x00000000c2500000, 0x00000000c2400000| Untracked 
|  37|0x00000000c2500000, 0x00000000c2600000, 0x00000000c2600000|100%| O|  |TAMS 0x00000000c2600000, 0x00000000c2500000| Untracked 
|  38|0x00000000c2600000, 0x00000000c2700000, 0x00000000c2700000|100%| O|  |TAMS 0x00000000c2700000, 0x00000000c2600000| Untracked 
|  39|0x00000000c2700000, 0x00000000c2800000, 0x00000000c2800000|100%| O|  |TAMS 0x00000000c2800000, 0x00000000c2700000| Untracked 
|  40|0x00000000c2800000, 0x00000000c2900000, 0x00000000c2900000|100%| O|  |TAMS 0x00000000c2900000, 0x00000000c2800000| Untracked 
|  41|0x00000000c2900000, 0x00000000c2a00000, 0x00000000c2a00000|100%| O|  |TAMS 0x00000000c2a00000, 0x00000000c2900000| Untracked 
|  42|0x00000000c2a00000, 0x00000000c2b00000, 0x00000000c2b00000|100%| O|  |TAMS 0x00000000c2b00000, 0x00000000c2a00000| Untracked 
|  43|0x00000000c2b00000, 0x00000000c2c00000, 0x00000000c2c00000|100%| O|  |TAMS 0x00000000c2c00000, 0x00000000c2b00000| Untracked 
|  44|0x00000000c2c00000, 0x00000000c2d00000, 0x00000000c2d00000|100%| O|  |TAMS 0x00000000c2d00000, 0x00000000c2c00000| Untracked 
|  45|0x00000000c2d00000, 0x00000000c2e00000, 0x00000000c2e00000|100%| O|  |TAMS 0x00000000c2d00000, 0x00000000c2d00000| Untracked 
|  46|0x00000000c2e00000, 0x00000000c2f00000, 0x00000000c2f00000|100%|HS|  |TAMS 0x00000000c2f00000, 0x00000000c2e00000| Complete 
|  47|0x00000000c2f00000, 0x00000000c3000000, 0x00000000c3000000|100%| O|  |TAMS 0x00000000c3000000, 0x00000000c2f00000| Untracked 
|  48|0x00000000c3000000, 0x00000000c3100000, 0x00000000c3100000|100%| O|  |TAMS 0x00000000c3100000, 0x00000000c3000000| Untracked 
|  49|0x00000000c3100000, 0x00000000c3200000, 0x00000000c3200000|100%| O|  |TAMS 0x00000000c3200000, 0x00000000c3100000| Untracked 
|  50|0x00000000c3200000, 0x00000000c3300000, 0x00000000c3300000|100%| O|  |TAMS 0x00000000c3300000, 0x00000000c3200000| Untracked 
|  51|0x00000000c3300000, 0x00000000c3400000, 0x00000000c3400000|100%| O|  |TAMS 0x00000000c3400000, 0x00000000c3300000| Untracked 
|  52|0x00000000c3400000, 0x00000000c3500000, 0x00000000c3500000|100%| O|  |TAMS 0x00000000c3500000, 0x00000000c3400000| Untracked 
|  53|0x00000000c3500000, 0x00000000c3600000, 0x00000000c3600000|100%| O|  |TAMS 0x00000000c3600000, 0x00000000c3500000| Untracked 
|  54|0x00000000c3600000, 0x00000000c3700000, 0x00000000c3700000|100%| O|  |TAMS 0x00000000c3700000, 0x00000000c3600000| Untracked 
|  55|0x00000000c3700000, 0x00000000c3800000, 0x00000000c3800000|100%| O|  |TAMS 0x00000000c3800000, 0x00000000c3700000| Untracked 
|  56|0x00000000c3800000, 0x00000000c3900000, 0x00000000c3900000|100%| O|  |TAMS 0x00000000c3900000, 0x00000000c3800000| Untracked 
|  57|0x00000000c3900000, 0x00000000c3a00000, 0x00000000c3a00000|100%| O|  |TAMS 0x00000000c3a00000, 0x00000000c3900000| Untracked 
|  58|0x00000000c3a00000, 0x00000000c3b00000, 0x00000000c3b00000|100%| O|  |TAMS 0x00000000c3b00000, 0x00000000c3a00000| Untracked 
|  59|0x00000000c3b00000, 0x00000000c3c00000, 0x00000000c3c00000|100%| O|  |TAMS 0x00000000c3c00000, 0x00000000c3b00000| Untracked 
|  60|0x00000000c3c00000, 0x00000000c3d00000, 0x00000000c3d00000|100%| O|  |TAMS 0x00000000c3d00000, 0x00000000c3c00000| Untracked 
|  61|0x00000000c3d00000, 0x00000000c3e00000, 0x00000000c3e00000|100%| O|  |TAMS 0x00000000c3e00000, 0x00000000c3d00000| Untracked 
|  62|0x00000000c3e00000, 0x00000000c3f00000, 0x00000000c3f00000|100%| O|  |TAMS 0x00000000c3f00000, 0x00000000c3e00000| Untracked 
|  63|0x00000000c3f00000, 0x00000000c4000000, 0x00000000c4000000|100%| O|  |TAMS 0x00000000c4000000, 0x00000000c3f00000| Untracked 
|  64|0x00000000c4000000, 0x00000000c4100000, 0x00000000c4100000|100%| O|  |TAMS 0x00000000c4000000, 0x00000000c4000000| Untracked 
|  65|0x00000000c4100000, 0x00000000c4200000, 0x00000000c4200000|100%| O|  |TAMS 0x00000000c4100000, 0x00000000c4100000| Untracked 
|  66|0x00000000c4200000, 0x00000000c4300000, 0x00000000c4300000|100%| O|  |TAMS 0x00000000c4200000, 0x00000000c4200000| Untracked 
|  67|0x00000000c4300000, 0x00000000c4400000, 0x00000000c4400000|100%| O|  |TAMS 0x00000000c4300000, 0x00000000c4300000| Untracked 
|  68|0x00000000c4400000, 0x00000000c4500000, 0x00000000c4500000|100%| O|  |TAMS 0x00000000c4400000, 0x00000000c4400000| Untracked 
|  69|0x00000000c4500000, 0x00000000c4600000, 0x00000000c4600000|100%| O|  |TAMS 0x00000000c4500000, 0x00000000c4500000| Untracked 
|  70|0x00000000c4600000, 0x00000000c4700000, 0x00000000c4700000|100%| O|  |TAMS 0x00000000c4600000, 0x00000000c4600000| Untracked 
|  71|0x00000000c4700000, 0x00000000c4800000, 0x00000000c4800000|100%| O|  |TAMS 0x00000000c4700000, 0x00000000c4700000| Untracked 
|  72|0x00000000c4800000, 0x00000000c4900000, 0x00000000c4900000|100%| O|  |TAMS 0x00000000c4800000, 0x00000000c4800000| Untracked 
|  73|0x00000000c4900000, 0x00000000c4a00000, 0x00000000c4a00000|100%| O|  |TAMS 0x00000000c4900000, 0x00000000c4900000| Untracked 
|  74|0x00000000c4a00000, 0x00000000c4b00000, 0x00000000c4b00000|100%| O|  |TAMS 0x00000000c4a00000, 0x00000000c4a00000| Untracked 
|  75|0x00000000c4b00000, 0x00000000c4c00000, 0x00000000c4c00000|100%| O|  |TAMS 0x00000000c4b00000, 0x00000000c4b00000| Untracked 
|  76|0x00000000c4c00000, 0x00000000c4d00000, 0x00000000c4d00000|100%| O|  |TAMS 0x00000000c4c00000, 0x00000000c4c00000| Untracked 
|  77|0x00000000c4d00000, 0x00000000c4e00000, 0x00000000c4e00000|100%| O|  |TAMS 0x00000000c4d00000, 0x00000000c4d00000| Untracked 
|  78|0x00000000c4e00000, 0x00000000c4f00000, 0x00000000c4f00000|100%| O|  |TAMS 0x00000000c4e00000, 0x00000000c4e00000| Untracked 
|  79|0x00000000c4f00000, 0x00000000c5000000, 0x00000000c5000000|100%| O|  |TAMS 0x00000000c4f00000, 0x00000000c4f00000| Untracked 
|  80|0x00000000c5000000, 0x00000000c5100000, 0x00000000c5100000|100%| O|  |TAMS 0x00000000c5000000, 0x00000000c5000000| Untracked 
|  81|0x00000000c5100000, 0x00000000c5200000, 0x00000000c5200000|100%| O|  |TAMS 0x00000000c5100000, 0x00000000c5100000| Untracked 
|  82|0x00000000c5200000, 0x00000000c5300000, 0x00000000c5300000|100%| O|  |TAMS 0x00000000c5200000, 0x00000000c5200000| Untracked 
|  83|0x00000000c5300000, 0x00000000c5400000, 0x00000000c5400000|100%| O|  |TAMS 0x00000000c5300000, 0x00000000c5300000| Untracked 
|  84|0x00000000c5400000, 0x00000000c5500000, 0x00000000c5500000|100%| O|  |TAMS 0x00000000c5400000, 0x00000000c5400000| Untracked 
|  85|0x00000000c5500000, 0x00000000c5600000, 0x00000000c5600000|100%| O|  |TAMS 0x00000000c5500000, 0x00000000c5500000| Untracked 
|  86|0x00000000c5600000, 0x00000000c5700000, 0x00000000c5700000|100%| O|  |TAMS 0x00000000c5600000, 0x00000000c5600000| Untracked 
|  87|0x00000000c5700000, 0x00000000c5800000, 0x00000000c5800000|100%| O|  |TAMS 0x00000000c5700000, 0x00000000c5700000| Untracked 
|  88|0x00000000c5800000, 0x00000000c5900000, 0x00000000c5900000|100%| O|  |TAMS 0x00000000c5800000, 0x00000000c5800000| Untracked 
|  89|0x00000000c5900000, 0x00000000c5a00000, 0x00000000c5a00000|100%| O|  |TAMS 0x00000000c5900000, 0x00000000c5900000| Untracked 
|  90|0x00000000c5a00000, 0x00000000c5b00000, 0x00000000c5b00000|100%| O|  |TAMS 0x00000000c5a00000, 0x00000000c5a00000| Untracked 
|  91|0x00000000c5b00000, 0x00000000c5c00000, 0x00000000c5c00000|100%| O|  |TAMS 0x00000000c5b00000, 0x00000000c5b00000| Untracked 
|  92|0x00000000c5c00000, 0x00000000c5d00000, 0x00000000c5d00000|100%| O|  |TAMS 0x00000000c5c00000, 0x00000000c5c00000| Untracked 
|  93|0x00000000c5d00000, 0x00000000c5e00000, 0x00000000c5e00000|100%| O|  |TAMS 0x00000000c5d00000, 0x00000000c5d00000| Untracked 
|  94|0x00000000c5e00000, 0x00000000c5f00000, 0x00000000c5f00000|100%| O|  |TAMS 0x00000000c5e00000, 0x00000000c5e00000| Untracked 
|  95|0x00000000c5f00000, 0x00000000c6000000, 0x00000000c6000000|100%| O|  |TAMS 0x00000000c5f00000, 0x00000000c5f00000| Untracked 
|  96|0x00000000c6000000, 0x00000000c6100000, 0x00000000c6100000|100%| O|  |TAMS 0x00000000c6000000, 0x00000000c6000000| Untracked 
|  97|0x00000000c6100000, 0x00000000c6200000, 0x00000000c6200000|100%| O|  |TAMS 0x00000000c6100000, 0x00000000c6100000| Untracked 
|  98|0x00000000c6200000, 0x00000000c6300000, 0x00000000c6300000|100%| O|  |TAMS 0x00000000c6200000, 0x00000000c6200000| Untracked 
|  99|0x00000000c6300000, 0x00000000c6400000, 0x00000000c6400000|100%| O|  |TAMS 0x00000000c6300000, 0x00000000c6300000| Untracked 
| 100|0x00000000c6400000, 0x00000000c6500000, 0x00000000c6500000|100%| O|  |TAMS 0x00000000c6400000, 0x00000000c6400000| Untracked 
| 101|0x00000000c6500000, 0x00000000c6600000, 0x00000000c6600000|100%| O|  |TAMS 0x00000000c6500000, 0x00000000c6500000| Untracked 
| 102|0x00000000c6600000, 0x00000000c6700000, 0x00000000c6700000|100%| O|  |TAMS 0x00000000c6600000, 0x00000000c6600000| Untracked 
| 103|0x00000000c6700000, 0x00000000c6800000, 0x00000000c6800000|100%| O|  |TAMS 0x00000000c6700000, 0x00000000c6700000| Untracked 
| 104|0x00000000c6800000, 0x00000000c6900000, 0x00000000c6900000|100%| O|  |TAMS 0x00000000c6800000, 0x00000000c6800000| Untracked 
| 105|0x00000000c6900000, 0x00000000c6a00000, 0x00000000c6a00000|100%| O|  |TAMS 0x00000000c6900000, 0x00000000c6900000| Untracked 
| 106|0x00000000c6a00000, 0x00000000c6b00000, 0x00000000c6b00000|100%| O|  |TAMS 0x00000000c6a00000, 0x00000000c6a00000| Untracked 
| 107|0x00000000c6b00000, 0x00000000c6c00000, 0x00000000c6c00000|100%| O|  |TAMS 0x00000000c6b00000, 0x00000000c6b00000| Untracked 
| 108|0x00000000c6c00000, 0x00000000c6d00000, 0x00000000c6d00000|100%| O|  |TAMS 0x00000000c6c00000, 0x00000000c6c00000| Untracked 
| 109|0x00000000c6d00000, 0x00000000c6e00000, 0x00000000c6e00000|100%| O|  |TAMS 0x00000000c6d00000, 0x00000000c6d00000| Untracked 
| 110|0x00000000c6e00000, 0x00000000c6f00000, 0x00000000c6f00000|100%| O|  |TAMS 0x00000000c6e00000, 0x00000000c6e00000| Untracked 
| 111|0x00000000c6f00000, 0x00000000c7000000, 0x00000000c7000000|100%| O|  |TAMS 0x00000000c6f00000, 0x00000000c6f00000| Untracked 
| 112|0x00000000c7000000, 0x00000000c7100000, 0x00000000c7100000|100%| O|  |TAMS 0x00000000c7000000, 0x00000000c7000000| Untracked 
| 113|0x00000000c7100000, 0x00000000c7200000, 0x00000000c7200000|100%| O|  |TAMS 0x00000000c7100000, 0x00000000c7100000| Untracked 
| 114|0x00000000c7200000, 0x00000000c7300000, 0x00000000c7300000|100%| O|  |TAMS 0x00000000c7200000, 0x00000000c7200000| Untracked 
| 115|0x00000000c7300000, 0x00000000c7400000, 0x00000000c7400000|100%| O|  |TAMS 0x00000000c7300000, 0x00000000c7300000| Untracked 
| 116|0x00000000c7400000, 0x00000000c7500000, 0x00000000c7500000|100%| O|  |TAMS 0x00000000c7400000, 0x00000000c7400000| Untracked 
| 117|0x00000000c7500000, 0x00000000c7600000, 0x00000000c7600000|100%| O|  |TAMS 0x00000000c7500000, 0x00000000c7500000| Untracked 
| 118|0x00000000c7600000, 0x00000000c7700000, 0x00000000c7700000|100%| O|  |TAMS 0x00000000c7600000, 0x00000000c7600000| Untracked 
| 119|0x00000000c7700000, 0x00000000c7800000, 0x00000000c7800000|100%| O|  |TAMS 0x00000000c7700000, 0x00000000c7700000| Untracked 
| 120|0x00000000c7800000, 0x00000000c7900000, 0x00000000c7900000|100%| O|  |TAMS 0x00000000c7800000, 0x00000000c7800000| Untracked 
| 121|0x00000000c7900000, 0x00000000c7a00000, 0x00000000c7a00000|100%| O|  |TAMS 0x00000000c7900000, 0x00000000c7900000| Untracked 
| 122|0x00000000c7a00000, 0x00000000c7b00000, 0x00000000c7b00000|100%| O|  |TAMS 0x00000000c7a00000, 0x00000000c7a00000| Untracked 
| 123|0x00000000c7b00000, 0x00000000c7c00000, 0x00000000c7c00000|100%| O|  |TAMS 0x00000000c7b00000, 0x00000000c7b00000| Untracked 
| 124|0x00000000c7c00000, 0x00000000c7d00000, 0x00000000c7d00000|100%| O|  |TAMS 0x00000000c7c00000, 0x00000000c7c00000| Untracked 
| 125|0x00000000c7d00000, 0x00000000c7e00000, 0x00000000c7e00000|100%| O|  |TAMS 0x00000000c7d00000, 0x00000000c7d00000| Untracked 
| 126|0x00000000c7e00000, 0x00000000c7f00000, 0x00000000c7f00000|100%| O|  |TAMS 0x00000000c7e00000, 0x00000000c7e00000| Untracked 
| 127|0x00000000c7f00000, 0x00000000c8000000, 0x00000000c8000000|100%| O|  |TAMS 0x00000000c7f00000, 0x00000000c7f00000| Untracked 
| 128|0x00000000c8000000, 0x00000000c8100000, 0x00000000c8100000|100%| O|  |TAMS 0x00000000c8000000, 0x00000000c8000000| Untracked 
| 129|0x00000000c8100000, 0x00000000c8200000, 0x00000000c8200000|100%| O|  |TAMS 0x00000000c8100000, 0x00000000c8100000| Untracked 
| 130|0x00000000c8200000, 0x00000000c8300000, 0x00000000c8300000|100%| O|  |TAMS 0x00000000c8200000, 0x00000000c8200000| Untracked 
| 131|0x00000000c8300000, 0x00000000c8400000, 0x00000000c8400000|100%| O|  |TAMS 0x00000000c8300000, 0x00000000c8300000| Untracked 
| 132|0x00000000c8400000, 0x00000000c8500000, 0x00000000c8500000|100%| O|  |TAMS 0x00000000c8400000, 0x00000000c8400000| Untracked 
| 133|0x00000000c8500000, 0x00000000c8600000, 0x00000000c8600000|100%| O|  |TAMS 0x00000000c8500000, 0x00000000c8500000| Untracked 
| 134|0x00000000c8600000, 0x00000000c8700000, 0x00000000c8700000|100%| O|  |TAMS 0x00000000c8600000, 0x00000000c8600000| Untracked 
| 135|0x00000000c8700000, 0x00000000c8800000, 0x00000000c8800000|100%| O|  |TAMS 0x00000000c8700000, 0x00000000c8700000| Untracked 
| 136|0x00000000c8800000, 0x00000000c8900000, 0x00000000c8900000|100%| O|  |TAMS 0x00000000c8800000, 0x00000000c8800000| Untracked 
| 137|0x00000000c8900000, 0x00000000c8a00000, 0x00000000c8a00000|100%| O|  |TAMS 0x00000000c8900000, 0x00000000c8900000| Untracked 
| 138|0x00000000c8a00000, 0x00000000c8b00000, 0x00000000c8b00000|100%| O|  |TAMS 0x00000000c8a00000, 0x00000000c8a00000| Untracked 
| 139|0x00000000c8b00000, 0x00000000c8c00000, 0x00000000c8c00000|100%| O|  |TAMS 0x00000000c8b00000, 0x00000000c8b00000| Untracked 
| 140|0x00000000c8c00000, 0x00000000c8d00000, 0x00000000c8d00000|100%| O|  |TAMS 0x00000000c8c00000, 0x00000000c8c00000| Untracked 
| 141|0x00000000c8d00000, 0x00000000c8e00000, 0x00000000c8e00000|100%| O|  |TAMS 0x00000000c8d00000, 0x00000000c8d00000| Untracked 
| 142|0x00000000c8e00000, 0x00000000c8f00000, 0x00000000c8f00000|100%| O|  |TAMS 0x00000000c8e00000, 0x00000000c8e00000| Untracked 
| 143|0x00000000c8f00000, 0x00000000c9000000, 0x00000000c9000000|100%| O|  |TAMS 0x00000000c8f00000, 0x00000000c8f00000| Untracked 
| 144|0x00000000c9000000, 0x00000000c9100000, 0x00000000c9100000|100%| O|  |TAMS 0x00000000c9000000, 0x00000000c9000000| Untracked 
| 145|0x00000000c9100000, 0x00000000c9200000, 0x00000000c9200000|100%| O|  |TAMS 0x00000000c9100000, 0x00000000c9100000| Untracked 
| 146|0x00000000c9200000, 0x00000000c9300000, 0x00000000c9300000|100%| O|  |TAMS 0x00000000c9200000, 0x00000000c9200000| Untracked 
| 147|0x00000000c9300000, 0x00000000c9400000, 0x00000000c9400000|100%| O|  |TAMS 0x00000000c9300000, 0x00000000c9300000| Untracked 
| 148|0x00000000c9400000, 0x00000000c9500000, 0x00000000c9500000|100%| O|  |TAMS 0x00000000c9400000, 0x00000000c9400000| Untracked 
| 149|0x00000000c9500000, 0x00000000c9600000, 0x00000000c9600000|100%| O|  |TAMS 0x00000000c9500000, 0x00000000c9500000| Untracked 
| 150|0x00000000c9600000, 0x00000000c9700000, 0x00000000c9700000|100%|HS|  |TAMS 0x00000000c9600000, 0x00000000c9600000| Complete 
| 151|0x00000000c9700000, 0x00000000c9800000, 0x00000000c9800000|100%| O|  |TAMS 0x00000000c9700000, 0x00000000c9700000| Untracked 
| 152|0x00000000c9800000, 0x00000000c9900000, 0x00000000c9900000|100%| O|  |TAMS 0x00000000c9800000, 0x00000000c9800000| Untracked 
| 153|0x00000000c9900000, 0x00000000c9a00000, 0x00000000c9a00000|100%| O|  |TAMS 0x00000000c9900000, 0x00000000c9900000| Untracked 
| 154|0x00000000c9a00000, 0x00000000c9b00000, 0x00000000c9b00000|100%| O|  |TAMS 0x00000000c9a00000, 0x00000000c9a00000| Untracked 
| 155|0x00000000c9b00000, 0x00000000c9c00000, 0x00000000c9c00000|100%| O|  |TAMS 0x00000000c9b00000, 0x00000000c9b00000| Untracked 
| 156|0x00000000c9c00000, 0x00000000c9d00000, 0x00000000c9d00000|100%| O|  |TAMS 0x00000000c9c00000, 0x00000000c9c00000| Untracked 
| 157|0x00000000c9d00000, 0x00000000c9e00000, 0x00000000c9e00000|100%| O|  |TAMS 0x00000000c9d00000, 0x00000000c9d00000| Untracked 
| 158|0x00000000c9e00000, 0x00000000c9f00000, 0x00000000c9f00000|100%| O|  |TAMS 0x00000000c9e00000, 0x00000000c9e00000| Untracked 
| 159|0x00000000c9f00000, 0x00000000ca000000, 0x00000000ca000000|100%| O|  |TAMS 0x00000000c9f00000, 0x00000000c9f00000| Untracked 
| 160|0x00000000ca000000, 0x00000000ca100000, 0x00000000ca100000|100%| O|  |TAMS 0x00000000ca000000, 0x00000000ca000000| Untracked 
| 161|0x00000000ca100000, 0x00000000ca200000, 0x00000000ca200000|100%| O|  |TAMS 0x00000000ca100000, 0x00000000ca100000| Untracked 
| 162|0x00000000ca200000, 0x00000000ca300000, 0x00000000ca300000|100%| O|  |TAMS 0x00000000ca200000, 0x00000000ca200000| Untracked 
| 163|0x00000000ca300000, 0x00000000ca400000, 0x00000000ca400000|100%| O|  |TAMS 0x00000000ca300000, 0x00000000ca300000| Untracked 
| 164|0x00000000ca400000, 0x00000000ca500000, 0x00000000ca500000|100%| O|  |TAMS 0x00000000ca400000, 0x00000000ca400000| Untracked 
| 165|0x00000000ca500000, 0x00000000ca600000, 0x00000000ca600000|100%| O|  |TAMS 0x00000000ca500000, 0x00000000ca500000| Untracked 
| 166|0x00000000ca600000, 0x00000000ca700000, 0x00000000ca700000|100%| O|  |TAMS 0x00000000ca600000, 0x00000000ca600000| Untracked 
| 167|0x00000000ca700000, 0x00000000ca800000, 0x00000000ca800000|100%| O|  |TAMS 0x00000000ca700000, 0x00000000ca700000| Untracked 
| 168|0x00000000ca800000, 0x00000000ca900000, 0x00000000ca900000|100%| O|  |TAMS 0x00000000ca800000, 0x00000000ca800000| Untracked 
| 169|0x00000000ca900000, 0x00000000caa00000, 0x00000000caa00000|100%| O|  |TAMS 0x00000000ca900000, 0x00000000ca900000| Untracked 
| 170|0x00000000caa00000, 0x00000000cab00000, 0x00000000cab00000|100%| O|  |TAMS 0x00000000caa00000, 0x00000000caa00000| Untracked 
| 171|0x00000000cab00000, 0x00000000cac00000, 0x00000000cac00000|100%| O|  |TAMS 0x00000000cab00000, 0x00000000cab00000| Untracked 
| 172|0x00000000cac00000, 0x00000000cad00000, 0x00000000cad00000|100%| O|  |TAMS 0x00000000cac00000, 0x00000000cac00000| Untracked 
| 173|0x00000000cad00000, 0x00000000cae00000, 0x00000000cae00000|100%| O|  |TAMS 0x00000000cad00000, 0x00000000cad00000| Untracked 
| 174|0x00000000cae00000, 0x00000000caf00000, 0x00000000caf00000|100%| O|  |TAMS 0x00000000cae00000, 0x00000000cae00000| Untracked 
| 175|0x00000000caf00000, 0x00000000cb000000, 0x00000000cb000000|100%| O|  |TAMS 0x00000000caf00000, 0x00000000caf00000| Untracked 
| 176|0x00000000cb000000, 0x00000000cb100000, 0x00000000cb100000|100%| O|  |TAMS 0x00000000cb000000, 0x00000000cb000000| Untracked 
| 177|0x00000000cb100000, 0x00000000cb200000, 0x00000000cb200000|100%| O|  |TAMS 0x00000000cb100000, 0x00000000cb100000| Untracked 
| 178|0x00000000cb200000, 0x00000000cb300000, 0x00000000cb300000|100%| O|  |TAMS 0x00000000cb200000, 0x00000000cb200000| Untracked 
| 179|0x00000000cb300000, 0x00000000cb400000, 0x00000000cb400000|100%| O|  |TAMS 0x00000000cb300000, 0x00000000cb300000| Untracked 
| 180|0x00000000cb400000, 0x00000000cb500000, 0x00000000cb500000|100%| O|  |TAMS 0x00000000cb400000, 0x00000000cb400000| Untracked 
| 181|0x00000000cb500000, 0x00000000cb600000, 0x00000000cb600000|100%| O|  |TAMS 0x00000000cb500000, 0x00000000cb500000| Untracked 
| 182|0x00000000cb600000, 0x00000000cb700000, 0x00000000cb700000|100%| O|  |TAMS 0x00000000cb600000, 0x00000000cb600000| Untracked 
| 183|0x00000000cb700000, 0x00000000cb800000, 0x00000000cb800000|100%| O|  |TAMS 0x00000000cb700000, 0x00000000cb700000| Untracked 
| 184|0x00000000cb800000, 0x00000000cb900000, 0x00000000cb900000|100%| O|  |TAMS 0x00000000cb800000, 0x00000000cb800000| Untracked 
| 185|0x00000000cb900000, 0x00000000cba00000, 0x00000000cba00000|100%| O|  |TAMS 0x00000000cb900000, 0x00000000cb900000| Untracked 
| 186|0x00000000cba00000, 0x00000000cbb00000, 0x00000000cbb00000|100%| O|  |TAMS 0x00000000cba00000, 0x00000000cba00000| Untracked 
| 187|0x00000000cbb00000, 0x00000000cbc00000, 0x00000000cbc00000|100%| O|  |TAMS 0x00000000cbb00000, 0x00000000cbb00000| Untracked 
| 188|0x00000000cbc00000, 0x00000000cbd00000, 0x00000000cbd00000|100%| O|  |TAMS 0x00000000cbc00000, 0x00000000cbc00000| Untracked 
| 189|0x00000000cbd00000, 0x00000000cbe00000, 0x00000000cbe00000|100%| O|  |TAMS 0x00000000cbd00000, 0x00000000cbd00000| Untracked 
| 190|0x00000000cbe00000, 0x00000000cbf00000, 0x00000000cbf00000|100%| O|  |TAMS 0x00000000cbe00000, 0x00000000cbe00000| Untracked 
| 191|0x00000000cbf00000, 0x00000000cc000000, 0x00000000cc000000|100%| O|  |TAMS 0x00000000cbf00000, 0x00000000cbf00000| Untracked 
| 192|0x00000000cc000000, 0x00000000cc100000, 0x00000000cc100000|100%| O|  |TAMS 0x00000000cc000000, 0x00000000cc000000| Untracked 
| 193|0x00000000cc100000, 0x00000000cc200000, 0x00000000cc200000|100%| O|  |TAMS 0x00000000cc100000, 0x00000000cc100000| Untracked 
| 194|0x00000000cc200000, 0x00000000cc300000, 0x00000000cc300000|100%| O|  |TAMS 0x00000000cc200000, 0x00000000cc200000| Untracked 
| 195|0x00000000cc300000, 0x00000000cc400000, 0x00000000cc400000|100%| O|  |TAMS 0x00000000cc300000, 0x00000000cc300000| Untracked 
| 196|0x00000000cc400000, 0x00000000cc500000, 0x00000000cc500000|100%| O|  |TAMS 0x00000000cc400000, 0x00000000cc400000| Untracked 
| 197|0x00000000cc500000, 0x00000000cc600000, 0x00000000cc600000|100%| O|  |TAMS 0x00000000cc500000, 0x00000000cc500000| Untracked 
| 198|0x00000000cc600000, 0x00000000cc700000, 0x00000000cc700000|100%| O|  |TAMS 0x00000000cc600000, 0x00000000cc600000| Untracked 
| 199|0x00000000cc700000, 0x00000000cc800000, 0x00000000cc800000|100%| O|  |TAMS 0x00000000cc700000, 0x00000000cc700000| Untracked 
| 200|0x00000000cc800000, 0x00000000cc900000, 0x00000000cc900000|100%| O|  |TAMS 0x00000000cc800000, 0x00000000cc800000| Untracked 
| 201|0x00000000cc900000, 0x00000000cca00000, 0x00000000cca00000|100%| O|  |TAMS 0x00000000cc900000, 0x00000000cc900000| Untracked 
| 202|0x00000000cca00000, 0x00000000ccb00000, 0x00000000ccb00000|100%| O|  |TAMS 0x00000000cca00000, 0x00000000cca00000| Untracked 
| 203|0x00000000ccb00000, 0x00000000ccc00000, 0x00000000ccc00000|100%| O|  |TAMS 0x00000000ccb00000, 0x00000000ccb00000| Untracked 
| 204|0x00000000ccc00000, 0x00000000ccd00000, 0x00000000ccd00000|100%| O|  |TAMS 0x00000000ccc00000, 0x00000000ccc00000| Untracked 
| 205|0x00000000ccd00000, 0x00000000cce00000, 0x00000000cce00000|100%| O|  |TAMS 0x00000000ccd00000, 0x00000000ccd00000| Untracked 
| 206|0x00000000cce00000, 0x00000000ccf00000, 0x00000000ccf00000|100%| O|  |TAMS 0x00000000cce00000, 0x00000000cce00000| Untracked 
| 207|0x00000000ccf00000, 0x00000000cd000000, 0x00000000cd000000|100%| O|  |TAMS 0x00000000ccf00000, 0x00000000ccf00000| Untracked 
| 208|0x00000000cd000000, 0x00000000cd100000, 0x00000000cd100000|100%| O|  |TAMS 0x00000000cd000000, 0x00000000cd000000| Untracked 
| 209|0x00000000cd100000, 0x00000000cd200000, 0x00000000cd200000|100%| O|  |TAMS 0x00000000cd100000, 0x00000000cd100000| Untracked 
| 210|0x00000000cd200000, 0x00000000cd300000, 0x00000000cd300000|100%| O|  |TAMS 0x00000000cd200000, 0x00000000cd200000| Untracked 
| 211|0x00000000cd300000, 0x00000000cd400000, 0x00000000cd400000|100%| O|  |TAMS 0x00000000cd300000, 0x00000000cd300000| Untracked 
| 212|0x00000000cd400000, 0x00000000cd500000, 0x00000000cd500000|100%| O|  |TAMS 0x00000000cd400000, 0x00000000cd400000| Untracked 
| 213|0x00000000cd500000, 0x00000000cd600000, 0x00000000cd600000|100%| O|  |TAMS 0x00000000cd500000, 0x00000000cd500000| Untracked 
| 214|0x00000000cd600000, 0x00000000cd700000, 0x00000000cd700000|100%| O|  |TAMS 0x00000000cd600000, 0x00000000cd600000| Untracked 
| 215|0x00000000cd700000, 0x00000000cd800000, 0x00000000cd800000|100%| O|  |TAMS 0x00000000cd700000, 0x00000000cd700000| Untracked 
| 216|0x00000000cd800000, 0x00000000cd900000, 0x00000000cd900000|100%| O|  |TAMS 0x00000000cd800000, 0x00000000cd800000| Untracked 
| 217|0x00000000cd900000, 0x00000000cda00000, 0x00000000cda00000|100%| O|  |TAMS 0x00000000cd900000, 0x00000000cd900000| Untracked 
| 218|0x00000000cda00000, 0x00000000cdb00000, 0x00000000cdb00000|100%| O|  |TAMS 0x00000000cda00000, 0x00000000cda00000| Untracked 
| 219|0x00000000cdb00000, 0x00000000cdc00000, 0x00000000cdc00000|100%| O|  |TAMS 0x00000000cdb00000, 0x00000000cdb00000| Untracked 
| 220|0x00000000cdc00000, 0x00000000cdd00000, 0x00000000cdd00000|100%| O|  |TAMS 0x00000000cdc00000, 0x00000000cdc00000| Untracked 
| 221|0x00000000cdd00000, 0x00000000cde00000, 0x00000000cde00000|100%|HS|  |TAMS 0x00000000cdd00000, 0x00000000cdd00000| Complete 
| 222|0x00000000cde00000, 0x00000000cdf00000, 0x00000000cdf00000|100%|HC|  |TAMS 0x00000000cde00000, 0x00000000cde00000| Complete 
| 223|0x00000000cdf00000, 0x00000000ce000000, 0x00000000ce000000|100%| O|  |TAMS 0x00000000cdf00000, 0x00000000cdf00000| Untracked 
| 224|0x00000000ce000000, 0x00000000ce100000, 0x00000000ce100000|100%| O|  |TAMS 0x00000000ce000000, 0x00000000ce000000| Untracked 
| 225|0x00000000ce100000, 0x00000000ce200000, 0x00000000ce200000|100%| O|  |TAMS 0x00000000ce100000, 0x00000000ce100000| Untracked 
| 226|0x00000000ce200000, 0x00000000ce300000, 0x00000000ce300000|100%| O|  |TAMS 0x00000000ce200000, 0x00000000ce200000| Untracked 
| 227|0x00000000ce300000, 0x00000000ce400000, 0x00000000ce400000|100%| O|  |TAMS 0x00000000ce300000, 0x00000000ce300000| Untracked 
| 228|0x00000000ce400000, 0x00000000ce451400, 0x00000000ce500000| 31%| O|  |TAMS 0x00000000ce400000, 0x00000000ce400000| Untracked 
| 229|0x00000000ce500000, 0x00000000ce500000, 0x00000000ce600000|  0%| F|  |TAMS 0x00000000ce500000, 0x00000000ce500000| Untracked 
| 230|0x00000000ce600000, 0x00000000ce600000, 0x00000000ce700000|  0%| F|  |TAMS 0x00000000ce600000, 0x00000000ce600000| Untracked 
| 231|0x00000000ce700000, 0x00000000ce700000, 0x00000000ce800000|  0%| F|  |TAMS 0x00000000ce700000, 0x00000000ce700000| Untracked 
| 232|0x00000000ce800000, 0x00000000ce800000, 0x00000000ce900000|  0%| F|  |TAMS 0x00000000ce800000, 0x00000000ce800000| Untracked 
| 233|0x00000000ce900000, 0x00000000ce900000, 0x00000000cea00000|  0%| F|  |TAMS 0x00000000ce900000, 0x00000000ce900000| Untracked 
| 234|0x00000000cea00000, 0x00000000cea00000, 0x00000000ceb00000|  0%| F|  |TAMS 0x00000000cea00000, 0x00000000cea00000| Untracked 
| 235|0x00000000ceb00000, 0x00000000ceb00000, 0x00000000cec00000|  0%| F|  |TAMS 0x00000000ceb00000, 0x00000000ceb00000| Untracked 
| 236|0x00000000cec00000, 0x00000000cec00000, 0x00000000ced00000|  0%| F|  |TAMS 0x00000000cec00000, 0x00000000cec00000| Untracked 
| 237|0x00000000ced00000, 0x00000000ced00000, 0x00000000cee00000|  0%| F|  |TAMS 0x00000000ced00000, 0x00000000ced00000| Untracked 
| 238|0x00000000cee00000, 0x00000000cee00000, 0x00000000cef00000|  0%| F|  |TAMS 0x00000000cee00000, 0x00000000cee00000| Untracked 
| 239|0x00000000cef00000, 0x00000000cef00000, 0x00000000cf000000|  0%| F|  |TAMS 0x00000000cef00000, 0x00000000cef00000| Untracked 
| 240|0x00000000cf000000, 0x00000000cf000000, 0x00000000cf100000|  0%| F|  |TAMS 0x00000000cf000000, 0x00000000cf000000| Untracked 
| 241|0x00000000cf100000, 0x00000000cf100000, 0x00000000cf200000|  0%| F|  |TAMS 0x00000000cf100000, 0x00000000cf100000| Untracked 
| 242|0x00000000cf200000, 0x00000000cf200000, 0x00000000cf300000|  0%| F|  |TAMS 0x00000000cf200000, 0x00000000cf200000| Untracked 
| 243|0x00000000cf300000, 0x00000000cf300000, 0x00000000cf400000|  0%| F|  |TAMS 0x00000000cf300000, 0x00000000cf300000| Untracked 
| 244|0x00000000cf400000, 0x00000000cf400000, 0x00000000cf500000|  0%| F|  |TAMS 0x00000000cf400000, 0x00000000cf400000| Untracked 
| 245|0x00000000cf500000, 0x00000000cf500000, 0x00000000cf600000|  0%| F|  |TAMS 0x00000000cf500000, 0x00000000cf500000| Untracked 
| 246|0x00000000cf600000, 0x00000000cf600000, 0x00000000cf700000|  0%| F|  |TAMS 0x00000000cf600000, 0x00000000cf600000| Untracked 
| 247|0x00000000cf700000, 0x00000000cf700000, 0x00000000cf800000|  0%| F|  |TAMS 0x00000000cf700000, 0x00000000cf700000| Untracked 
| 248|0x00000000cf800000, 0x00000000cf800000, 0x00000000cf900000|  0%| F|  |TAMS 0x00000000cf800000, 0x00000000cf800000| Untracked 
| 249|0x00000000cf900000, 0x00000000cf900000, 0x00000000cfa00000|  0%| F|  |TAMS 0x00000000cf900000, 0x00000000cf900000| Untracked 
| 250|0x00000000cfa00000, 0x00000000cfa00000, 0x00000000cfb00000|  0%| F|  |TAMS 0x00000000cfa00000, 0x00000000cfa00000| Untracked 
| 251|0x00000000cfb00000, 0x00000000cfb00000, 0x00000000cfc00000|  0%| F|  |TAMS 0x00000000cfb00000, 0x00000000cfb00000| Untracked 
| 252|0x00000000cfc00000, 0x00000000cfc00000, 0x00000000cfd00000|  0%| F|  |TAMS 0x00000000cfc00000, 0x00000000cfc00000| Untracked 
| 253|0x00000000cfd00000, 0x00000000cfd00000, 0x00000000cfe00000|  0%| F|  |TAMS 0x00000000cfd00000, 0x00000000cfd00000| Untracked 
| 254|0x00000000cfe00000, 0x00000000cfe00000, 0x00000000cff00000|  0%| F|  |TAMS 0x00000000cfe00000, 0x00000000cfe00000| Untracked 
| 255|0x00000000cff00000, 0x00000000cff00000, 0x00000000d0000000|  0%| F|  |TAMS 0x00000000cff00000, 0x00000000cff00000| Untracked 
| 256|0x00000000d0000000, 0x00000000d0000000, 0x00000000d0100000|  0%| F|  |TAMS 0x00000000d0000000, 0x00000000d0000000| Untracked 
| 257|0x00000000d0100000, 0x00000000d0100000, 0x00000000d0200000|  0%| F|  |TAMS 0x00000000d0100000, 0x00000000d0100000| Untracked 
| 258|0x00000000d0200000, 0x00000000d02fba78, 0x00000000d0300000| 98%| S|CS|TAMS 0x00000000d0200000, 0x00000000d0200000| Complete 
| 259|0x00000000d0300000, 0x00000000d0300000, 0x00000000d0400000|  0%| F|  |TAMS 0x00000000d0300000, 0x00000000d0300000| Untracked 
| 260|0x00000000d0400000, 0x00000000d0400000, 0x00000000d0500000|  0%| F|  |TAMS 0x00000000d0400000, 0x00000000d0400000| Untracked 
| 261|0x00000000d0500000, 0x00000000d0500000, 0x00000000d0600000|  0%| F|  |TAMS 0x00000000d0500000, 0x00000000d0500000| Untracked 
| 262|0x00000000d0600000, 0x00000000d0700000, 0x00000000d0700000|100%| S|CS|TAMS 0x00000000d0600000, 0x00000000d0600000| Complete 
| 263|0x00000000d0700000, 0x00000000d0800000, 0x00000000d0800000|100%| S|CS|TAMS 0x00000000d0700000, 0x00000000d0700000| Complete 
| 264|0x00000000d0800000, 0x00000000d0800000, 0x00000000d0900000|  0%| F|  |TAMS 0x00000000d0800000, 0x00000000d0800000| Untracked 
| 265|0x00000000d0900000, 0x00000000d0900000, 0x00000000d0a00000|  0%| F|  |TAMS 0x00000000d0900000, 0x00000000d0900000| Untracked 
| 266|0x00000000d0a00000, 0x00000000d0a00000, 0x00000000d0b00000|  0%| F|  |TAMS 0x00000000d0a00000, 0x00000000d0a00000| Untracked 
| 267|0x00000000d0b00000, 0x00000000d0b00000, 0x00000000d0c00000|  0%| F|  |TAMS 0x00000000d0b00000, 0x00000000d0b00000| Untracked 
| 268|0x00000000d0c00000, 0x00000000d0c00000, 0x00000000d0d00000|  0%| F|  |TAMS 0x00000000d0c00000, 0x00000000d0c00000| Untracked 
| 269|0x00000000d0d00000, 0x00000000d0d00000, 0x00000000d0e00000|  0%| F|  |TAMS 0x00000000d0d00000, 0x00000000d0d00000| Untracked 
| 270|0x00000000d0e00000, 0x00000000d0e00000, 0x00000000d0f00000|  0%| F|  |TAMS 0x00000000d0e00000, 0x00000000d0e00000| Untracked 
| 271|0x00000000d0f00000, 0x00000000d0f00000, 0x00000000d1000000|  0%| F|  |TAMS 0x00000000d0f00000, 0x00000000d0f00000| Untracked 
| 272|0x00000000d1000000, 0x00000000d1000000, 0x00000000d1100000|  0%| F|  |TAMS 0x00000000d1000000, 0x00000000d1000000| Untracked 
| 273|0x00000000d1100000, 0x00000000d1100000, 0x00000000d1200000|  0%| F|  |TAMS 0x00000000d1100000, 0x00000000d1100000| Untracked 
| 274|0x00000000d1200000, 0x00000000d1200000, 0x00000000d1300000|  0%| F|  |TAMS 0x00000000d1200000, 0x00000000d1200000| Untracked 
| 275|0x00000000d1300000, 0x00000000d1300000, 0x00000000d1400000|  0%| F|  |TAMS 0x00000000d1300000, 0x00000000d1300000| Untracked 
| 276|0x00000000d1400000, 0x00000000d1400000, 0x00000000d1500000|  0%| F|  |TAMS 0x00000000d1400000, 0x00000000d1400000| Untracked 
| 277|0x00000000d1500000, 0x00000000d1500000, 0x00000000d1600000|  0%| F|  |TAMS 0x00000000d1500000, 0x00000000d1500000| Untracked 
| 278|0x00000000d1600000, 0x00000000d1600000, 0x00000000d1700000|  0%| F|  |TAMS 0x00000000d1600000, 0x00000000d1600000| Untracked 
| 279|0x00000000d1700000, 0x00000000d1700000, 0x00000000d1800000|  0%| F|  |TAMS 0x00000000d1700000, 0x00000000d1700000| Untracked 
| 280|0x00000000d1800000, 0x00000000d1800000, 0x00000000d1900000|  0%| F|  |TAMS 0x00000000d1800000, 0x00000000d1800000| Untracked 
| 281|0x00000000d1900000, 0x00000000d1900000, 0x00000000d1a00000|  0%| F|  |TAMS 0x00000000d1900000, 0x00000000d1900000| Untracked 
| 282|0x00000000d1a00000, 0x00000000d1a00000, 0x00000000d1b00000|  0%| F|  |TAMS 0x00000000d1a00000, 0x00000000d1a00000| Untracked 
| 283|0x00000000d1b00000, 0x00000000d1b00000, 0x00000000d1c00000|  0%| F|  |TAMS 0x00000000d1b00000, 0x00000000d1b00000| Untracked 
| 284|0x00000000d1c00000, 0x00000000d1c00000, 0x00000000d1d00000|  0%| F|  |TAMS 0x00000000d1c00000, 0x00000000d1c00000| Untracked 
| 285|0x00000000d1d00000, 0x00000000d1d00000, 0x00000000d1e00000|  0%| F|  |TAMS 0x00000000d1d00000, 0x00000000d1d00000| Untracked 
| 286|0x00000000d1e00000, 0x00000000d1e00000, 0x00000000d1f00000|  0%| F|  |TAMS 0x00000000d1e00000, 0x00000000d1e00000| Untracked 
| 287|0x00000000d1f00000, 0x00000000d1f00000, 0x00000000d2000000|  0%| F|  |TAMS 0x00000000d1f00000, 0x00000000d1f00000| Untracked 
| 288|0x00000000d2000000, 0x00000000d2000000, 0x00000000d2100000|  0%| F|  |TAMS 0x00000000d2000000, 0x00000000d2000000| Untracked 
| 289|0x00000000d2100000, 0x00000000d2100000, 0x00000000d2200000|  0%| F|  |TAMS 0x00000000d2100000, 0x00000000d2100000| Untracked 

Card table byte_map: [0x000001ef2bb60000,0x000001ef2bd60000] _byte_map_base: 0x000001ef2b560000

Marking Bits (Prev, Next): (CMBitMap*) 0x000001ef2bf440a0, (CMBitMap*) 0x000001ef2bf44060
 Prev Bits: [0x000001ef32d90000, 0x000001ef33d90000)
 Next Bits: [0x000001ef31d90000, 0x000001ef32d90000)

Polling page: 0x000001ef2a090000

Metaspace:

Usage:
  Non-class:     45.14 MB used.
      Class:      6.48 MB used.
       Both:     51.62 MB used.

Virtual space:
  Non-class space:       48.00 MB reserved,      45.38 MB ( 95%) committed,  6 nodes.
      Class space:        1.00 GB reserved,       6.69 MB ( <1%) committed,  1 nodes.
             Both:        1.05 GB reserved,      52.06 MB (  5%) committed. 

Chunk freelists:
   Non-Class:  2.29 MB
       Class:  1.29 MB
        Both:  3.59 MB

MaxMetaspaceSize: unlimited
CompressedClassSpaceSize: 1.00 GB
Initial GC threshold: 21.00 MB
Current GC threshold: 67.19 MB
CDS: off
MetaspaceReclaimPolicy: balanced
 - commit_granule_bytes: 65536.
 - commit_granule_words: 8192.
 - virtual_space_node_default_size: 1048576.
 - enlarge_chunks_in_place: 1.
 - new_chunks_are_fully_committed: 0.
 - uncommit_free_chunks: 1.
 - use_allocation_guard: 0.
 - handle_deallocations: 1.


Internal statistics:

num_allocs_failed_limit: 6.
num_arena_births: 568.
num_arena_deaths: 94.
num_vsnodes_births: 7.
num_vsnodes_deaths: 0.
num_space_committed: 833.
num_space_uncommitted: 0.
num_chunks_returned_to_freelist: 106.
num_chunks_taken_from_freelist: 2194.
num_chunk_merges: 35.
num_chunk_splits: 1492.
num_chunks_enlarged: 1136.
num_purges: 4.
num_inconsistent_stats: 0.

CodeCache: size=49152Kb used=10341Kb max_used=10723Kb free=38810Kb
 bounds [0x000001ef2eb90000, 0x000001ef2f670000, 0x000001ef31b90000]
 total_blobs=5924 nmethods=5277 adapters=575
 compilation: enabled
              stopped_count=0, restarted_count=0
 full_count=0

Compilation events (20 events):
Event: 124.621 Thread 0x000001ef3603c490 5274       1       nonapi.io.github.classgraph.types.TypeUtils::getIdentifierToken (91 bytes)
Event: 124.623 Thread 0x000001ef3603c490 nmethod 5274 0x000001ef2f44fa90 code [0x000001ef2f44fc60, 0x000001ef2f44ff38]
Event: 124.639 Thread 0x000001ef3603c490 5275       1       java.lang.Exception::<init> (5 bytes)
Event: 124.640 Thread 0x000001ef3603c490 nmethod 5275 0x000001ef2f44f610 code [0x000001ef2f44f7c0, 0x000001ef2f44f9e8]
Event: 124.640 Thread 0x000001ef3603c490 5276       1       java.lang.Throwable::<init> (29 bytes)
Event: 124.640 Thread 0x000001ef3603c490 nmethod 5276 0x000001ef2f44f190 code [0x000001ef2f44f340, 0x000001ef2f44f568]
Event: 124.641 Thread 0x000001ef3603c490 5277       1       sun.nio.fs.WindowsException::<init> (15 bytes)
Event: 124.642 Thread 0x000001ef3603c490 nmethod 5277 0x000001ef2f44ed10 code [0x000001ef2f44eec0, 0x000001ef2f44f0f8]
Event: 124.642 Thread 0x000001ef3603c490 5278       1       sun.nio.fs.WindowsException::fillInStackTrace (2 bytes)
Event: 124.642 Thread 0x000001ef3603c490 nmethod 5278 0x000001ef2f44ea10 code [0x000001ef2f44eba0, 0x000001ef2f44ec78]
Event: 124.670 Thread 0x000001ef3603c490 5279       1       sun.nio.fs.WindowsException::rethrowAsIOException (39 bytes)
Event: 124.671 Thread 0x000001ef3603c490 nmethod 5279 0x000001ef2f44e690 code [0x000001ef2f44e820, 0x000001ef2f44e928]
Event: 124.671 Thread 0x000001ef3603c490 5280       1       sun.nio.fs.WindowsException::translateToIOException (109 bytes)
Event: 124.672 Thread 0x000001ef3603c490 nmethod 5280 0x000001ef2f44db10 code [0x000001ef2f44dd40, 0x000001ef2f44e3e8]
Event: 124.672 Thread 0x000001ef3603c490 5281       1       java.nio.file.NoSuchFileException::<init> (8 bytes)
Event: 124.672 Thread 0x000001ef3603c490 nmethod 5281 0x000001ef2f44d710 code [0x000001ef2f44d8a0, 0x000001ef2f44da48]
Event: 124.672 Thread 0x000001ef3603c490 5282       1       java.nio.file.FileSystemException::<init> (16 bytes)
Event: 124.673 Thread 0x000001ef3603c490 nmethod 5282 0x000001ef2f44d310 code [0x000001ef2f44d4a0, 0x000001ef2f44d648]
Event: 124.719 Thread 0x000001ef3603c490 5283       1       java.util.concurrent.ConcurrentHashMap::helpTransfer (123 bytes)
Event: 124.720 Thread 0x000001ef3603c490 nmethod 5283 0x000001ef2f44cd90 code [0x000001ef2f44cf40, 0x000001ef2f44d1b8]

GC Heap History (20 events):
Event: 121.399 GC heap after
{Heap after GC invocations=68 (full 0):
 garbage-first heap   total 296960K, used 213237K [0x00000000c0000000, 0x0000000100000000)
  region size 1024K, 5 young (5120K), 5 survivors (5120K)
 Metaspace       used 52806K, committed 53248K, reserved 1097728K
  class space    used 6627K, committed 6848K, reserved 1048576K
}
Event: 121.876 GC heap before
{Heap before GC invocations=68 (full 0):
 garbage-first heap   total 296960K, used 259317K [0x00000000c0000000, 0x0000000100000000)
  region size 1024K, 51 young (52224K), 5 survivors (5120K)
 Metaspace       used 52806K, committed 53248K, reserved 1097728K
  class space    used 6627K, committed 6848K, reserved 1048576K
}
Event: 121.893 GC heap after
{Heap after GC invocations=69 (full 0):
 garbage-first heap   total 296960K, used 216997K [0x00000000c0000000, 0x0000000100000000)
  region size 1024K, 6 young (6144K), 6 survivors (6144K)
 Metaspace       used 52806K, committed 53248K, reserved 1097728K
  class space    used 6627K, committed 6848K, reserved 1048576K
}
Event: 122.140 GC heap before
{Heap before GC invocations=69 (full 0):
 garbage-first heap   total 296960K, used 260005K [0x00000000c0000000, 0x0000000100000000)
  region size 1024K, 49 young (50176K), 6 survivors (6144K)
 Metaspace       used 52806K, committed 53248K, reserved 1097728K
  class space    used 6627K, committed 6848K, reserved 1048576K
}
Event: 122.167 GC heap after
{Heap after GC invocations=70 (full 0):
 garbage-first heap   total 296960K, used 219045K [0x00000000c0000000, 0x0000000100000000)
  region size 1024K, 5 young (5120K), 5 survivors (5120K)
 Metaspace       used 52806K, committed 53248K, reserved 1097728K
  class space    used 6627K, committed 6848K, reserved 1048576K
}
Event: 122.729 GC heap before
{Heap before GC invocations=70 (full 0):
 garbage-first heap   total 296960K, used 260005K [0x00000000c0000000, 0x0000000100000000)
  region size 1024K, 46 young (47104K), 5 survivors (5120K)
 Metaspace       used 52861K, committed 53312K, reserved 1097728K
  class space    used 6633K, committed 6848K, reserved 1048576K
}
Event: 122.745 GC heap after
{Heap after GC invocations=71 (full 0):
 garbage-first heap   total 296960K, used 221636K [0x00000000c0000000, 0x0000000100000000)
  region size 1024K, 5 young (5120K), 5 survivors (5120K)
 Metaspace       used 52861K, committed 53312K, reserved 1097728K
  class space    used 6633K, committed 6848K, reserved 1048576K
}
Event: 123.332 GC heap before
{Heap before GC invocations=71 (full 0):
 garbage-first heap   total 296960K, used 259524K [0x00000000c0000000, 0x0000000100000000)
  region size 1024K, 43 young (44032K), 5 survivors (5120K)
 Metaspace       used 52861K, committed 53312K, reserved 1097728K
  class space    used 6633K, committed 6848K, reserved 1048576K
}
Event: 123.348 GC heap after
{Heap after GC invocations=72 (full 0):
 garbage-first heap   total 296960K, used 224143K [0x00000000c0000000, 0x0000000100000000)
  region size 1024K, 5 young (5120K), 5 survivors (5120K)
 Metaspace       used 52861K, committed 53312K, reserved 1097728K
  class space    used 6633K, committed 6848K, reserved 1048576K
}
Event: 123.958 GC heap before
{Heap before GC invocations=72 (full 0):
 garbage-first heap   total 296960K, used 259983K [0x00000000c0000000, 0x0000000100000000)
  region size 1024K, 41 young (41984K), 5 survivors (5120K)
 Metaspace       used 52861K, committed 53312K, reserved 1097728K
  class space    used 6633K, committed 6848K, reserved 1048576K
}
Event: 123.979 GC heap after
{Heap after GC invocations=73 (full 0):
 garbage-first heap   total 296960K, used 226411K [0x00000000c0000000, 0x0000000100000000)
  region size 1024K, 5 young (5120K), 5 survivors (5120K)
 Metaspace       used 52861K, committed 53312K, reserved 1097728K
  class space    used 6633K, committed 6848K, reserved 1048576K
}
Event: 124.321 GC heap before
{Heap before GC invocations=73 (full 0):
 garbage-first heap   total 296960K, used 260203K [0x00000000c0000000, 0x0000000100000000)
  region size 1024K, 39 young (39936K), 5 survivors (5120K)
 Metaspace       used 52861K, committed 53312K, reserved 1097728K
  class space    used 6633K, committed 6848K, reserved 1048576K
}
Event: 124.334 GC heap after
{Heap after GC invocations=74 (full 0):
 garbage-first heap   total 296960K, used 228055K [0x00000000c0000000, 0x0000000100000000)
  region size 1024K, 4 young (4096K), 4 survivors (4096K)
 Metaspace       used 52861K, committed 53312K, reserved 1097728K
  class space    used 6633K, committed 6848K, reserved 1048576K
}
Event: 124.650 GC heap before
{Heap before GC invocations=74 (full 0):
 garbage-first heap   total 296960K, used 260823K [0x00000000c0000000, 0x0000000100000000)
  region size 1024K, 37 young (37888K), 4 survivors (4096K)
 Metaspace       used 52861K, committed 53312K, reserved 1097728K
  class space    used 6633K, committed 6848K, reserved 1048576K
}
Event: 124.663 GC heap after
{Heap after GC invocations=75 (full 0):
 garbage-first heap   total 296960K, used 229939K [0x00000000c0000000, 0x0000000100000000)
  region size 1024K, 4 young (4096K), 4 survivors (4096K)
 Metaspace       used 52861K, committed 53312K, reserved 1097728K
  class space    used 6633K, committed 6848K, reserved 1048576K
}
Event: 124.950 GC heap before
{Heap before GC invocations=75 (full 0):
 garbage-first heap   total 296960K, used 262707K [0x00000000c0000000, 0x0000000100000000)
  region size 1024K, 35 young (35840K), 4 survivors (4096K)
 Metaspace       used 52861K, committed 53312K, reserved 1097728K
  class space    used 6633K, committed 6848K, reserved 1048576K
}
Event: 124.970 GC heap after
{Heap after GC invocations=76 (full 0):
 garbage-first heap   total 296960K, used 234196K [0x00000000c0000000, 0x0000000100000000)
  region size 1024K, 4 young (4096K), 4 survivors (4096K)
 Metaspace       used 52861K, committed 53312K, reserved 1097728K
  class space    used 6633K, committed 6848K, reserved 1048576K
}
Event: 125.256 GC heap before
{Heap before GC invocations=76 (full 0):
 garbage-first heap   total 296960K, used 261844K [0x00000000c0000000, 0x0000000100000000)
  region size 1024K, 32 young (32768K), 4 survivors (4096K)
 Metaspace       used 52861K, committed 53312K, reserved 1097728K
  class space    used 6633K, committed 6848K, reserved 1048576K
}
Event: 125.277 GC heap after
{Heap after GC invocations=77 (full 0):
 garbage-first heap   total 296960K, used 235190K [0x00000000c0000000, 0x0000000100000000)
  region size 1024K, 4 young (4096K), 4 survivors (4096K)
 Metaspace       used 52861K, committed 53312K, reserved 1097728K
  class space    used 6633K, committed 6848K, reserved 1048576K
}
Event: 125.509 GC heap before
{Heap before GC invocations=77 (full 0):
 garbage-first heap   total 296960K, used 260790K [0x00000000c0000000, 0x0000000100000000)
  region size 1024K, 30 young (30720K), 4 survivors (4096K)
 Metaspace       used 52861K, committed 53312K, reserved 1097728K
  class space    used 6633K, committed 6848K, reserved 1048576K
}

Dll operation events (9 events):
Event: 0.125 Loaded shared library c:\Users\NOTEBOOK\.vscode\extensions\redhat.java-1.14.0-win32-x64\jre\17.0.5-win32-x86_64\bin\java.dll
Event: 4.516 Loaded shared library C:\Users\NOTEBOOK\.vscode\extensions\redhat.java-1.14.0-win32-x64\jre\17.0.5-win32-x86_64\bin\net.dll
Event: 4.559 Loaded shared library C:\Users\NOTEBOOK\.vscode\extensions\redhat.java-1.14.0-win32-x64\jre\17.0.5-win32-x86_64\bin\nio.dll
Event: 4.733 Loaded shared library C:\Users\NOTEBOOK\.vscode\extensions\redhat.java-1.14.0-win32-x64\jre\17.0.5-win32-x86_64\bin\zip.dll
Event: 17.418 Loaded shared library C:\Users\NOTEBOOK\.vscode\extensions\redhat.java-1.14.0-win32-x64\jre\17.0.5-win32-x86_64\bin\jimage.dll
Event: 19.568 Loaded shared library c:\Users\NOTEBOOK\.vscode\extensions\redhat.java-1.14.0-win32-x64\jre\17.0.5-win32-x86_64\bin\verify.dll
Event: 51.970 Loaded shared library C:\Users\NOTEBOOK\.vscode\extensions\redhat.java-1.14.0-win32-x64\jre\17.0.5-win32-x86_64\bin\management.dll
Event: 52.070 Loaded shared library C:\Users\NOTEBOOK\.vscode\extensions\redhat.java-1.14.0-win32-x64\jre\17.0.5-win32-x86_64\bin\management_ext.dll
Event: 79.237 Loaded shared library C:\Users\NOTEBOOK\.vscode\extensions\redhat.java-1.14.0-win32-x64\jre\17.0.5-win32-x86_64\bin\sunmscapi.dll

Deoptimization events (20 events):
Event: 31.464 Thread 0x000001ef2bf03d30 DEOPT PACKING pc=0x000001ef2f02ae19 sp=0x000000e1b6afd440
Event: 31.464 Thread 0x000001ef2bf03d30 DEOPT UNPACKING pc=0x000001ef2ebe2b24 sp=0x000000e1b6afc920 mode 3
Event: 55.824 Thread 0x000001ef38872540 DEOPT PACKING pc=0x000001ef2f17feb5 sp=0x000000e1b82fe070
Event: 55.824 Thread 0x000001ef38872540 DEOPT UNPACKING pc=0x000001ef2ebe2b24 sp=0x000000e1b82fd598 mode 3
Event: 57.452 Thread 0x000001ef386a0990 DEOPT PACKING pc=0x000001ef2f19b7ab sp=0x000000e1b87fed30
Event: 57.452 Thread 0x000001ef386a0990 DEOPT UNPACKING pc=0x000001ef2ebe2b24 sp=0x000000e1b87fe278 mode 3
Event: 58.251 Thread 0x000001ef3853c2f0 DEOPT PACKING pc=0x000001ef2f02ea81 sp=0x000000e1b81fdcc0
Event: 58.251 Thread 0x000001ef3853c2f0 DEOPT UNPACKING pc=0x000001ef2ebe2b24 sp=0x000000e1b81fd150 mode 3
Event: 66.081 Thread 0x000001ef386a04c0 DEOPT PACKING pc=0x000001ef2f20be04 sp=0x000000e1b8ffeac0
Event: 66.082 Thread 0x000001ef386a04c0 DEOPT UNPACKING pc=0x000001ef2ebe2b24 sp=0x000000e1b8ffdf60 mode 0
Event: 67.476 Thread 0x000001ef386a04c0 DEOPT PACKING pc=0x000001ef2f029817 sp=0x000000e1b8fff260
Event: 67.476 Thread 0x000001ef386a04c0 DEOPT UNPACKING pc=0x000001ef2ebe2b24 sp=0x000000e1b8ffe6b8 mode 3
Event: 78.954 Thread 0x000001ef38d38210 DEOPT PACKING pc=0x000001ef2ecf438c sp=0x000000e1b94fde50
Event: 78.954 Thread 0x000001ef38d38210 DEOPT UNPACKING pc=0x000001ef2ebe2b24 sp=0x000000e1b94fd318 mode 0
Event: 81.383 Thread 0x000001ef38d37d40 DEOPT PACKING pc=0x000001ef2f4eba34 sp=0x000000e1b93fda40
Event: 81.383 Thread 0x000001ef38d37d40 DEOPT UNPACKING pc=0x000001ef2ebe2b24 sp=0x000000e1b93fd0f8 mode 0
Event: 81.628 Thread 0x000001ef38d37d40 DEOPT PACKING pc=0x000001ef2f52756e sp=0x000000e1b93fdd20
Event: 81.628 Thread 0x000001ef38d37d40 DEOPT UNPACKING pc=0x000001ef2ebe2b24 sp=0x000000e1b93fd218 mode 3
Event: 82.997 Thread 0x000001ef3869ecb0 DEOPT PACKING pc=0x000001ef2f5b1c44 sp=0x000000e1b8bfe0e0
Event: 82.997 Thread 0x000001ef3869ecb0 DEOPT UNPACKING pc=0x000001ef2ebe2b24 sp=0x000000e1b8bfd5d0 mode 3

Classes unloaded (20 events):
Event: 61.502 Thread 0x000001ef35fdac60 Unloading class 0x0000000100352000 'java/lang/invoke/LambdaForm$MH+0x0000000100352000'
Event: 61.502 Thread 0x000001ef35fdac60 Unloading class 0x0000000100351c00 'java/lang/invoke/LambdaForm$MH+0x0000000100351c00'
Event: 61.502 Thread 0x000001ef35fdac60 Unloading class 0x0000000100351800 'java/lang/invoke/LambdaForm$MH+0x0000000100351800'
Event: 61.502 Thread 0x000001ef35fdac60 Unloading class 0x0000000100351400 'java/lang/invoke/LambdaForm$MH+0x0000000100351400'
Event: 61.502 Thread 0x000001ef35fdac60 Unloading class 0x0000000100350000 'java/lang/invoke/LambdaForm$DMH+0x0000000100350000'
Event: 61.502 Thread 0x000001ef35fdac60 Unloading class 0x0000000100225c00 'java/lang/invoke/LambdaForm$MH+0x0000000100225c00'
Event: 61.502 Thread 0x000001ef35fdac60 Unloading class 0x00000001000d1c00 'java/lang/invoke/LambdaForm$MH+0x00000001000d1c00'
Event: 61.502 Thread 0x000001ef35fdac60 Unloading class 0x00000001000d1800 'java/lang/invoke/LambdaForm$MH+0x00000001000d1800'
Event: 61.502 Thread 0x000001ef35fdac60 Unloading class 0x00000001000d1400 'java/lang/invoke/LambdaForm$MH+0x00000001000d1400'
Event: 61.502 Thread 0x000001ef35fdac60 Unloading class 0x00000001000d1000 'java/lang/invoke/LambdaForm$MH+0x00000001000d1000'
Event: 61.502 Thread 0x000001ef35fdac60 Unloading class 0x00000001000d0c00 'java/lang/invoke/LambdaForm$MH+0x00000001000d0c00'
Event: 61.502 Thread 0x000001ef35fdac60 Unloading class 0x00000001000d0800 'java/lang/invoke/LambdaForm$MH+0x00000001000d0800'
Event: 61.502 Thread 0x000001ef35fdac60 Unloading class 0x00000001000d0400 'java/lang/invoke/LambdaForm$MH+0x00000001000d0400'
Event: 61.502 Thread 0x000001ef35fdac60 Unloading class 0x00000001000d0000 'java/lang/invoke/LambdaForm$MH+0x00000001000d0000'
Event: 61.502 Thread 0x000001ef35fdac60 Unloading class 0x00000001000cb800 'java/lang/invoke/LambdaForm$MH+0x00000001000cb800'
Event: 61.502 Thread 0x000001ef35fdac60 Unloading class 0x00000001000cb400 'java/lang/invoke/LambdaForm$MH+0x00000001000cb400'
Event: 61.502 Thread 0x000001ef35fdac60 Unloading class 0x00000001000cb000 'java/lang/invoke/LambdaForm$MH+0x00000001000cb000'
Event: 61.502 Thread 0x000001ef35fdac60 Unloading class 0x00000001000cac00 'java/lang/invoke/LambdaForm$MH+0x00000001000cac00'
Event: 61.502 Thread 0x000001ef35fdac60 Unloading class 0x00000001000ca800 'java/lang/invoke/LambdaForm$MH+0x00000001000ca800'
Event: 61.502 Thread 0x000001ef35fdac60 Unloading class 0x00000001000ca400 'java/lang/invoke/LambdaForm$MH+0x00000001000ca400'

Classes redefined (0 events):
No events

Internal exceptions (20 events):
Event: 125.113 Thread 0x000001ef3869f180 Exception <a 'sun/nio/fs/WindowsException'{0x00000000d1256ca0}> (0x00000000d1256ca0) 
thrown [s\src\hotspot\share\prims\jni.cpp, line 516]
Event: 125.114 Thread 0x000001ef3869f180 Exception <a 'sun/nio/fs/WindowsException'{0x00000000d1257180}> (0x00000000d1257180) 
thrown [s\src\hotspot\share\prims\jni.cpp, line 516]
Event: 125.289 Thread 0x000001ef386a04c0 Exception <a 'sun/nio/fs/WindowsException'{0x00000000d207f230}> (0x00000000d207f230) 
thrown [s\src\hotspot\share\prims\jni.cpp, line 516]
Event: 125.290 Thread 0x000001ef386a04c0 Exception <a 'sun/nio/fs/WindowsException'{0x00000000d207f6a0}> (0x00000000d207f6a0) 
thrown [s\src\hotspot\share\prims\jni.cpp, line 516]
Event: 125.290 Thread 0x000001ef3869f180 Exception <a 'sun/nio/fs/WindowsException'{0x00000000d20b8080}> (0x00000000d20b8080) 
thrown [s\src\hotspot\share\prims\jni.cpp, line 516]
Event: 125.290 Thread 0x000001ef3869f180 Exception <a 'sun/nio/fs/WindowsException'{0x00000000d20b85c0}> (0x00000000d20b85c0) 
thrown [s\src\hotspot\share\prims\jni.cpp, line 516]
Event: 125.291 Thread 0x000001ef386a04c0 Exception <a 'sun/nio/fs/WindowsException'{0x00000000d20971f0}> (0x00000000d20971f0) 
thrown [s\src\hotspot\share\prims\jni.cpp, line 516]
Event: 125.291 Thread 0x000001ef386a04c0 Exception <a 'sun/nio/fs/WindowsException'{0x00000000d2097688}> (0x00000000d2097688) 
thrown [s\src\hotspot\share\prims\jni.cpp, line 516]
Event: 125.291 Thread 0x000001ef386a04c0 Exception <a 'sun/nio/fs/WindowsException'{0x00000000d209ad18}> (0x00000000d209ad18) 
thrown [s\src\hotspot\share\prims\jni.cpp, line 516]
Event: 125.292 Thread 0x000001ef386a04c0 Exception <a 'sun/nio/fs/WindowsException'{0x00000000d209b1e8}> (0x00000000d209b1e8) 
thrown [s\src\hotspot\share\prims\jni.cpp, line 516]
Event: 125.293 Thread 0x000001ef386a04c0 Exception <a 'sun/nio/fs/WindowsException'{0x00000000d209ccb0}> (0x00000000d209ccb0) 
thrown [s\src\hotspot\share\prims\jni.cpp, line 516]
Event: 125.293 Thread 0x000001ef386a04c0 Exception <a 'sun/nio/fs/WindowsException'{0x00000000d209d160}> (0x00000000d209d160) 
thrown [s\src\hotspot\share\prims\jni.cpp, line 516]
Event: 125.388 Thread 0x000001ef3869fb20 Exception <a 'sun/nio/fs/WindowsException'{0x00000000d17831b0}> (0x00000000d17831b0) 
thrown [s\src\hotspot\share\prims\jni.cpp, line 516]
Event: 125.389 Thread 0x000001ef3869fb20 Exception <a 'sun/nio/fs/WindowsException'{0x00000000d1783650}> (0x00000000d1783650) 
thrown [s\src\hotspot\share\prims\jni.cpp, line 516]
Event: 125.453 Thread 0x000001ef3869fb20 Exception <a 'sun/nio/fs/WindowsException'{0x00000000d0e978c0}> (0x00000000d0e978c0) 
thrown [s\src\hotspot\share\prims\jni.cpp, line 516]
Event: 125.453 Thread 0x000001ef3869fb20 Exception <a 'sun/nio/fs/WindowsException'{0x00000000d0e97d70}> (0x00000000d0e97d70) 
thrown [s\src\hotspot\share\prims\jni.cpp, line 516]
Event: 125.454 Thread 0x000001ef3869f180 Exception <a 'sun/nio/fs/WindowsException'{0x00000000d0d42968}> (0x00000000d0d42968) 
thrown [s\src\hotspot\share\prims\jni.cpp, line 516]
Event: 125.454 Thread 0x000001ef3869fb20 Exception <a 'sun/nio/fs/WindowsException'{0x00000000d0e989d0}> (0x00000000d0e989d0) 
thrown [s\src\hotspot\share\prims\jni.cpp, line 516]
Event: 125.454 Thread 0x000001ef3869f180 Exception <a 'sun/nio/fs/WindowsException'{0x00000000d0d42dc8}> (0x00000000d0d42dc8) 
thrown [s\src\hotspot\share\prims\jni.cpp, line 516]
Event: 125.454 Thread 0x000001ef3869fb20 Exception <a 'sun/nio/fs/WindowsException'{0x00000000d0e98e48}> (0x00000000d0e98e48) 
thrown [s\src\hotspot\share\prims\jni.cpp, line 516]

VM Operations (20 events):
Event: 122.167 Executing VM operation: G1CollectForAllocation done
Event: 122.460 Executing VM operation: HandshakeAllThreads
Event: 122.460 Executing VM operation: HandshakeAllThreads done
Event: 122.728 Executing VM operation: G1CollectForAllocation
Event: 122.745 Executing VM operation: G1CollectForAllocation done
Event: 123.332 Executing VM operation: G1CollectForAllocation
Event: 123.332 Executing VM operation: G1CollectForAllocation done
Event: 123.332 Executing VM operation: G1CollectForAllocation
Event: 123.348 Executing VM operation: G1CollectForAllocation done
Event: 123.958 Executing VM operation: G1CollectForAllocation
Event: 123.985 Executing VM operation: G1CollectForAllocation done
Event: 124.321 Executing VM operation: G1CollectForAllocation
Event: 124.335 Executing VM operation: G1CollectForAllocation done
Event: 124.650 Executing VM operation: G1CollectForAllocation
Event: 124.663 Executing VM operation: G1CollectForAllocation done
Event: 124.950 Executing VM operation: G1CollectForAllocation
Event: 124.971 Executing VM operation: G1CollectForAllocation done
Event: 125.256 Executing VM operation: G1CollectForAllocation
Event: 125.277 Executing VM operation: G1CollectForAllocation done
Event: 125.509 Executing VM operation: G1CollectForAllocation

Events (20 events):
Event: 93.294 loading class sun/security/ssl/Alert$Level
Event: 93.294 loading class sun/security/ssl/Alert$Level done
Event: 93.296 Thread 0x000001ef38d3a3c0 Thread exited: 0x000001ef38d3a3c0
Event: 96.691 Thread 0x000001ef38e8d5d0 Thread exited: 0x000001ef38e8d5d0
Event: 101.524 Thread 0x000001ef38d38210 Thread exited: 0x000001ef38d38210
Event: 118.150 Thread 0x000001ef3869fff0 Thread exited: 0x000001ef3869fff0
Event: 122.209 loading class java/lang/ProcessBuilder
Event: 122.213 loading class java/lang/ProcessBuilder done
Event: 122.215 loading class java/lang/ProcessImpl
Event: 122.221 loading class java/lang/Process
Event: 122.230 loading class java/lang/Process done
Event: 122.230 loading class java/lang/ProcessImpl done
Event: 122.371 Thread 0x000001ef3717ec40 Thread exited: 0x000001ef3717ec40
Event: 122.371 Thread 0x000001ef38872a10 Thread exited: 0x000001ef38872a10
Event: 122.458 loading class java/lang/ProcessImpl$2
Event: 122.459 loading class java/lang/ProcessImpl$2 done
Event: 122.459 loading class java/lang/Process$PipeInputStream
Event: 122.459 loading class java/lang/Process$PipeInputStream done
Event: 122.460 loading class jdk/internal/event/ProcessStartEvent
Event: 122.461 loading class jdk/internal/event/ProcessStartEvent done


Dynamic libraries:
0x00007ff76b790000 - 0x00007ff76b79e000 	c:\Users\NOTEBOOK\.vscode\extensions\redhat.java-1.14.0-win32-x64\jre\17.0.5-win32-x86_64\bin\java.exe
0x00007fffac230000 - 0x00007fffac428000 	C:\WINDOWS\SYSTEM32\ntdll.dll
0x00007fffab5b0000 - 0x00007fffab66f000 	C:\WINDOWS\System32\KERNEL32.DLL
0x00007fffa9b90000 - 0x00007fffa9e62000 	C:\WINDOWS\System32\KERNELBASE.dll
0x00007fffa9fd0000 - 0x00007fffaa0d0000 	C:\WINDOWS\System32\ucrtbase.dll
0x00007fff91c30000 - 0x00007fff91c47000 	c:\Users\NOTEBOOK\.vscode\extensions\redhat.java-1.14.0-win32-x64\jre\17.0.5-win32-x86_64\bin\jli.dll
0x00007fffaae20000 - 0x00007fffaafc1000 	C:\WINDOWS\System32\USER32.dll
0x00007fffa9920000 - 0x00007fffa9942000 	C:\WINDOWS\System32\win32u.dll
0x00007fffabf50000 - 0x00007fffabf7b000 	C:\WINDOWS\System32\GDI32.dll
0x00007fffa9a80000 - 0x00007fffa9b8f000 	C:\WINDOWS\System32\gdi32full.dll
0x00007fffa9950000 - 0x00007fffa99ed000 	C:\WINDOWS\System32\msvcp_win.dll
0x00007fff8f900000 - 0x00007fff8f919000 	c:\Users\NOTEBOOK\.vscode\extensions\redhat.java-1.14.0-win32-x64\jre\17.0.5-win32-x86_64\bin\VCRUNTIME140.dll
0x00007fff9ed90000 - 0x00007fff9f02a000 	C:\WINDOWS\WinSxS\amd64_microsoft.windows.common-controls_6595b64144ccf1df_6.0.19041.1110_none_60b5254171f9507e\COMCTL32.dll
0x00007fffaad80000 - 0x00007fffaae1e000 	C:\WINDOWS\System32\msvcrt.dll
0x00007fffab370000 - 0x00007fffab3a2000 	C:\WINDOWS\System32\IMM32.DLL
0x00007fff9c470000 - 0x00007fff9c47c000 	c:\Users\NOTEBOOK\.vscode\extensions\redhat.java-1.14.0-win32-x64\jre\17.0.5-win32-x86_64\bin\vcruntime140_1.dll
0x00007fff7e1f0000 - 0x00007fff7e281000 	c:\Users\NOTEBOOK\.vscode\extensions\redhat.java-1.14.0-win32-x64\jre\17.0.5-win32-x86_64\bin\msvcp140.dll
0x00007fff6b3b0000 - 0x00007fff6bff4000 	c:\Users\NOTEBOOK\.vscode\extensions\redhat.java-1.14.0-win32-x64\jre\17.0.5-win32-x86_64\bin\server\jvm.dll
0x00007fffab670000 - 0x00007fffab71e000 	C:\WINDOWS\System32\ADVAPI32.dll
0x00007fffaace0000 - 0x00007fffaad7c000 	C:\WINDOWS\System32\sechost.dll
0x00007fffab240000 - 0x00007fffab365000 	C:\WINDOWS\System32\RPCRT4.dll
0x00007fff9a5f0000 - 0x00007fff9a5f9000 	C:\WINDOWS\SYSTEM32\WSOCK32.dll
0x00007fffaa2f0000 - 0x00007fffaa35b000 	C:\WINDOWS\System32\WS2_32.dll
0x00007fff9b9c0000 - 0x00007fff9b9e7000 	C:\WINDOWS\SYSTEM32\WINMM.dll
0x00007fffa1c60000 - 0x00007fffa1c6a000 	C:\WINDOWS\SYSTEM32\VERSION.dll
0x00007fffa77e0000 - 0x00007fffa77f2000 	C:\WINDOWS\SYSTEM32\kernel.appcore.dll
0x00007fff9c3e0000 - 0x00007fff9c3ea000 	c:\Users\NOTEBOOK\.vscode\extensions\redhat.java-1.14.0-win32-x64\jre\17.0.5-win32-x86_64\bin\jimage.dll
0x00007fffa0d50000 - 0x00007fffa0f34000 	C:\WINDOWS\SYSTEM32\DBGHELP.DLL
0x00007fffa0c90000 - 0x00007fffa0cc5000 	C:\WINDOWS\SYSTEM32\dbgcore.DLL
0x00007fffa99f0000 - 0x00007fffa9a72000 	C:\WINDOWS\System32\bcryptPrimitives.dll
0x00007fff8d8b0000 - 0x00007fff8d8d5000 	c:\Users\NOTEBOOK\.vscode\extensions\redhat.java-1.14.0-win32-x64\jre\17.0.5-win32-x86_64\bin\java.dll
0x00007fff8e940000 - 0x00007fff8e958000 	c:\Users\NOTEBOOK\.vscode\extensions\redhat.java-1.14.0-win32-x64\jre\17.0.5-win32-x86_64\bin\zip.dll
0x00007fffab720000 - 0x00007fffabe64000 	C:\WINDOWS\System32\SHELL32.dll
0x00007fffa79e0000 - 0x00007fffa8172000 	C:\WINDOWS\SYSTEM32\windows.storage.dll
0x00007fffaa980000 - 0x00007fffaacd5000 	C:\WINDOWS\System32\combase.dll
0x00007fffa9380000 - 0x00007fffa93b0000 	C:\WINDOWS\SYSTEM32\Wldp.dll
0x00007fffab500000 - 0x00007fffab5ad000 	C:\WINDOWS\System32\SHCORE.dll
0x00007fffabf80000 - 0x00007fffabfd5000 	C:\WINDOWS\System32\shlwapi.dll
0x00007fffa9860000 - 0x00007fffa987f000 	C:\WINDOWS\SYSTEM32\profapi.dll
0x00007fff8e4a0000 - 0x00007fff8e4b9000 	C:\Users\NOTEBOOK\.vscode\extensions\redhat.java-1.14.0-win32-x64\jre\17.0.5-win32-x86_64\bin\net.dll
0x00007fffa2f50000 - 0x00007fffa305c000 	C:\WINDOWS\SYSTEM32\WINHTTP.dll
0x00007fffa90e0000 - 0x00007fffa914a000 	C:\WINDOWS\system32\mswsock.dll
0x00007fff8cd60000 - 0x00007fff8cd75000 	C:\Users\NOTEBOOK\.vscode\extensions\redhat.java-1.14.0-win32-x64\jre\17.0.5-win32-x86_64\bin\nio.dll
0x00007fff9ac70000 - 0x00007fff9ac80000 	c:\Users\NOTEBOOK\.vscode\extensions\redhat.java-1.14.0-win32-x64\jre\17.0.5-win32-x86_64\bin\verify.dll
0x00007fffa92d0000 - 0x00007fffa92e8000 	C:\WINDOWS\SYSTEM32\CRYPTSP.dll
0x00007fffa8990000 - 0x00007fffa89c4000 	C:\WINDOWS\system32\rsaenh.dll
0x00007fffaa190000 - 0x00007fffaa1b7000 	C:\WINDOWS\System32\bcrypt.dll
0x00007fffa97e0000 - 0x00007fffa980e000 	C:\WINDOWS\SYSTEM32\USERENV.dll
0x00007fffa92f0000 - 0x00007fffa92fc000 	C:\WINDOWS\SYSTEM32\CRYPTBASE.dll
0x00007fffa8d80000 - 0x00007fffa8dbb000 	C:\WINDOWS\SYSTEM32\IPHLPAPI.DLL
0x00007fffab4f0000 - 0x00007fffab4f8000 	C:\WINDOWS\System32\NSI.dll
0x00007fffa3480000 - 0x00007fffa3497000 	C:\WINDOWS\SYSTEM32\dhcpcsvc6.DLL
0x00007fffa3460000 - 0x00007fffa347d000 	C:\WINDOWS\SYSTEM32\dhcpcsvc.DLL
0x00007fffa8dd0000 - 0x00007fffa8e9a000 	C:\WINDOWS\SYSTEM32\DNSAPI.dll
0x00007fff9d4d0000 - 0x00007fff9d4d9000 	C:\Users\NOTEBOOK\.vscode\extensions\redhat.java-1.14.0-win32-x64\jre\17.0.5-win32-x86_64\bin\management.dll
0x00007fff9d4c0000 - 0x00007fff9d4cb000 	C:\Users\NOTEBOOK\.vscode\extensions\redhat.java-1.14.0-win32-x64\jre\17.0.5-win32-x86_64\bin\management_ext.dll
0x00007fffaafd0000 - 0x00007fffaafd8000 	C:\WINDOWS\System32\PSAPI.DLL
0x00007fff9a980000 - 0x00007fff9a98e000 	C:\Users\NOTEBOOK\.vscode\extensions\redhat.java-1.14.0-win32-x64\jre\17.0.5-win32-x86_64\bin\sunmscapi.dll
0x00007fffa9e70000 - 0x00007fffa9fc6000 	C:\WINDOWS\System32\CRYPT32.dll
0x00007fffa93f0000 - 0x00007fffa9417000 	C:\WINDOWS\SYSTEM32\ncrypt.dll
0x00007fffa93b0000 - 0x00007fffa93eb000 	C:\WINDOWS\SYSTEM32\NTASN1.dll
0x00007fffa28c0000 - 0x00007fffa28ca000 	C:\Windows\System32\rasadhlp.dll
0x00007fffa28e0000 - 0x00007fffa2960000 	C:\WINDOWS\System32\fwpuclnt.dll

dbghelp: loaded successfully - version: 4.0.5 - missing functions: none
symbol engine: initialized successfully - sym options: 0x614 - pdb path: .;c:\Users\NOTEBOOK\.vscode\extensions\redhat.java-1.14.0-win32-x64\jre\17.0.5-win32-x86_64\bin;C:\WINDOWS\SYSTEM32;C:\WINDOWS\WinSxS\amd64_microsoft.windows.common-controls_6595b64144ccf1df_6.0.19041.1110_none_60b5254171f9507e;c:\Users\NOTEBOOK\.vscode\extensions\redhat.java-1.14.0-win32-x64\jre\17.0.5-win32-x86_64\bin\server

VM Arguments:
jvm_args: -XX:+HeapDumpOnOutOfMemoryError -Xmx1024m -Dsts.lsp.client=vscode -Dsts.log.file=/dev/null -XX:TieredStopAtLevel=1 -Xlog:jni+resolve=off -Dspring.config.location=file:c:\Users\NOTEBOOK\.vscode\extensions\vmware.vscode-spring-boot-1.44.0\language-server\BOOT-INF\classes\application.properties 
java_command: org.springframework.ide.vscode.boot.app.BootLanguageServerBootApp
java_class_path (initial): c:\Users\NOTEBOOK\.vscode\extensions\vmware.vscode-spring-boot-1.44.0\language-server\BOOT-INF\classes;c:\Users\NOTEBOOK\.vscode\extensions\vmware.vscode-spring-boot-1.44.0\language-server\BOOT-INF\lib\annotations-24.0.0.jar;c:\Users\NOTEBOOK\.vscode\extensions\vmware.vscode-spring-boot-1.44.0\language-server\BOOT-INF\lib\ant-1.10.13.jar;c:\Users\NOTEBOOK\.vscode\extensions\vmware.vscode-spring-boot-1.44.0\language-server\BOOT-INF\lib\ant-launcher-1.10.13.jar;c:\Users\NOTEBOOK\.vscode\extensions\vmware.vscode-spring-boot-1.44.0\language-server\BOOT-INF\lib\antlr-runtime-3.5.2.jar;c:\Users\NOTEBOOK\.vscode\extensions\vmware.vscode-spring-boot-1.44.0\language-server\BOOT-INF\lib\antlr4-4.9.3.jar;c:\Users\NOTEBOOK\.vscode\extensions\vmware.vscode-spring-boot-1.44.0\language-server\BOOT-INF\lib\antlr4-runtime-4.9.3.jar;c:\Users\NOTEBOOK\.vscode\extensions\vmware.vscode-spring-boot-1.44.0\language-server\BOOT-INF\lib\apiguardian-api-1.1.2.jar;c:\Users\NOTEBOOK\.vscode\extensions\vmware.vscode-spring-boot-1.44.0\language-server\BOOT-INF\lib\asm-9.4.jar;c:\Users\NOTEBOOK\.vscode\extensions\vmware.vscode-spring-boot-1.44.0\language-server\BOOT-INF\lib\asm-analysis-9.4.jar;c:\Users\NOTEBOOK\.vscode\extensions\vmware.vscode-spring-boot-1.44.0\language-server\BOOT-INF\lib\asm-tree-9.4.jar;c:\Users\NOTEBOOK\.vscode\extensions\vmware.vscode-spring-boot-1.44.0\language-server\BOOT-INF\lib\asm-util-9.4.jar;c:\Users\NOTEBOOK\.vscode\extensions\vmware.vscode-spring-boot-1.44.0\language-server\BOOT-INF\lib\caffeine-3.1.2.jar;c:\Users\NOTEBOOK\.vscode\extensions\vmware.vscode-spring-boot-1.44.0\language-server\BOOT-INF\lib\checker-qual-3.12.0.jar;c:\Users\NOTEBOOK\.vscode\extensions\vmware.vscode-spring-boot-1.44.0\language-server\BOOT-INF\lib\ci-environment-9.1.0.jar;c:\Users\NOTEBOOK\.vscode\extensions\vmware.vscode-spring-boot-1.44.0\language-server\BOOT-INF\lib\classgraph-4.8.149.jar;c:\Users\NOTEBOOK\.vscode\extensions\vmware.vscode-spring-boot-1.44.0
Launcher Type: SUN_STANDARD

[Global flags]
     intx CICompilerCount                          = 2                                         {product} {ergonomic}
     uint ConcGCThreads                            = 1                                         {product} {ergonomic}
     uint G1ConcRefinementThreads                  = 2                                         {product} {ergonomic}
   size_t G1HeapRegionSize                         = 1048576                                   {product} {ergonomic}
    uintx GCDrainStackTargetSize                   = 64                                        {product} {ergonomic}
     bool HeapDumpOnOutOfMemoryError               = true                                   {manageable} {command line}
   size_t InitialHeapSize                          = 67108864                                  {product} {ergonomic}
   size_t MarkStackSize                            = 4194304                                   {product} {ergonomic}
   size_t MaxHeapSize                              = 1073741824                                {product} {command line}
   size_t MaxNewSize                               = 643825664                                 {product} {ergonomic}
   size_t MinHeapDeltaBytes                        = 1048576                                   {product} {ergonomic}
   size_t MinHeapSize                              = 8388608                                   {product} {ergonomic}
    uintx NonProfiledCodeHeapSize                  = 0                                      {pd product} {ergonomic}
     bool ProfileInterpreter                       = false                                  {pd product} {command line}
    uintx ProfiledCodeHeapSize                     = 0                                      {pd product} {ergonomic}
   size_t SoftMaxHeapSize                          = 1073741824                             {manageable} {ergonomic}
     intx TieredStopAtLevel                        = 1                                         {product} {command line}
     bool UseCompressedClassPointers               = true                           {product lp64_product} {ergonomic}
     bool UseCompressedOops                        = true                           {product lp64_product} {ergonomic}
     bool UseG1GC                                  = true                                      {product} {ergonomic}
     bool UseLargePagesIndividualAllocation        = false                                  {pd product} {ergonomic}

Logging:
Log output configuration:
 #0: stdout all=warning,jni+resolve=off uptime,level,tags
 #1: stderr all=off uptime,level,tags

Environment Variables:
JAVA_HOME=C:\Program Files\Java\jdk-17.0.1
PATH=C:\Program Files\Java\jdk-17.0.1\bin;C:\Program Files\Common Files\Oracle\Java\javapath;C:\WINDOWS\system32;C:\WINDOWS;C:\WINDOWS\System32\Wbem;C:\WINDOWS\System32\WindowsPowerShell\v1.0\;C:\WINDOWS\System32\OpenSSH\;C:\Program Files\Git\cmd;C:\Program Files\TortoiseGit\bin;C:\Program Files\nodejs\;C:\Users\NOTEBOOK\AppData\Local\Microsoft\WindowsApps;C:\Users\NOTEBOOK\AppData\Local\Programs\Microsoft VS Code\bin;C:\Users\NOTEBOOK\AppData\Roaming\npm;C:\Program Files\Java\jdk-17.0.1\bin;C:\apache-maven-3.8.6\bin;
USERNAME=NOTEBOOK
OS=Windows_NT
PROCESSOR_IDENTIFIER=Intel64 Family 6 Model 42 Stepping 7, GenuineIntel
TMP=C:\Users\NOTEBOOK\AppData\Local\Temp
TEMP=C:\Users\NOTEBOOK\AppData\Local\Temp



---------------  S Y S T E M  ---------------

OS:
 Windows 10 , 64 bit Build 19041 (10.0.19041.2364)
OS uptime: 6 days 5:38 hours

CPU: total 2 (initial active 2) (2 cores per cpu, 1 threads per core) family 6 model 42 stepping 7 microcode 0x2f, cx8, cmov, fxsr, mmx, sse, sse2, sse3, ssse3, sse4.1, sse4.2, popcnt, tsc, tscinvbit, clmul, clflush

Memory: 4k page, system-wide physical 3985M (413M free)
TotalPageFile size 5378M (AvailPageFile size 2M)
current process WorkingSet (physical memory assigned to process): 447M, peak: 447M
current process commit charge ("private bytes"): 494M, peak: 494M

vm_info: OpenJDK 64-Bit Server VM (17.0.5+8) for windows-amd64 JRE (17.0.5+8), built on Oct 19 2022 04:48:13 by "temurin" with MS VC++ 16.7 (VS2019)

END.
