#
# There is insufficient memory for the Java Runtime Environment to continue.
# Native memory allocation (malloc) failed to allocate 32744 bytes for ChunkPool::allocate
# Possible reasons:
#   The system is out of physical RAM or swap space
#   The process is running with CompressedOops enabled, and the Java Heap may be blocking the growth of the native heap
# Possible solutions:
#   Reduce memory load on the system
#   Increase physical memory or swap space
#   Check if swap backing store is full
#   Decrease Java heap size (-Xmx/-Xms)
#   Decrease number of Java threads
#   Decrease Java thread stack sizes (-Xss)
#   Set larger code cache with -XX:ReservedCodeCacheSize=
#   JVM is running with Unscaled Compressed Oops mode in which the Java heap is
#     placed in the first 4GB address space. The Java Heap base address is the
#     maximum limit for the native heap growth. Please use -XX:HeapBaseMinAddress
#     to set the Java Heap base and to place the Java Heap above 4GB virtual address.
# This output file may be truncated or incomplete.
#
#  Out of Memory Error (arena.cpp:78), pid=7932, tid=7104
#
# JRE version: Java(TM) SE Runtime Environment (17.0.1+12) (build 17.0.1+12-LTS-39)
# Java VM: Java HotSpot(TM) 64-Bit Server VM (17.0.1+12-LTS-39, mixed mode, sharing, tiered, compressed oops, compressed class ptrs, g1 gc, windows-amd64)
# No core dump will be written. Minidumps are not enabled by default on client versions of Windows
#

---------------  S U M M A R Y ------------

Command Line: -XX:+ShowCodeDetailsInExceptionMessages -Dspring.jmx.enabled=true -Dmanagement.endpoints.jmx.exposure.include=* -Dspring.application.admin.enabled=true -Dspring.boot.project.name=crud-spring -Djava.rmi.server.hostname=localhost com.avnunes.CrudSpringApplication

Host: Intel(R) Celeron(R) CPU 847 @ 1.10GHz, 2 cores, 3G,  Windows 10 , 64 bit Build 19041 (10.0.19041.2364)
Time: Mon Jan 30 16:46:54 2023 Hora oficial do Brasil elapsed time: 35.922533 seconds (0d 0h 0m 35s)

---------------  T H R E A D  ---------------

Current thread (0x0000018c1cf275b0):  JavaThread "C2 CompilerThread0" daemon [_thread_in_native, id=7104, stack(0x0000004f0eb00000,0x0000004f0ec00000)]


Current CompileTask:
C2:  35922 1917       4       jdk.internal.org.objectweb.asm.Frame::execute (2305 bytes)

Stack: [0x0000004f0eb00000,0x0000004f0ec00000]
Native frames: (J=compiled Java code, j=interpreted, Vv=VM code, C=native code)
V  [jvm.dll+0x66fa1a]
V  [jvm.dll+0x7ce5a4]
V  [jvm.dll+0x7cfd4e]
V  [jvm.dll+0x7d03b3]
V  [jvm.dll+0x242b05]
V  [jvm.dll+0xaa2a0]
V  [jvm.dll+0xaa5ec]
V  [jvm.dll+0x364c8c]
V  [jvm.dll+0x55adcd]
V  [jvm.dll+0x329f80]
V  [jvm.dll+0x3293fa]
V  [jvm.dll+0x215bf1]
V  [jvm.dll+0x215011]
V  [jvm.dll+0x1a168d]
V  [jvm.dll+0x224848]
V  [jvm.dll+0x2229ac]
V  [jvm.dll+0x78435b]
V  [jvm.dll+0x77e91a]
V  [jvm.dll+0x66e845]
C  [ucrtbase.dll+0x21bb2]
C  [KERNEL32.DLL+0x17614]
C  [ntdll.dll+0x526a1]


---------------  P R O C E S S  ---------------

Threads class SMR info:
_java_thread_list=0x0000018c1fa63e60, length=18, elements={
0x0000018c02291b40, 0x0000018c1cf0b3d0, 0x0000018c1cf0e250, 0x0000018c1cf24b10,
0x0000018c1cf254c0, 0x0000018c1cf25e70, 0x0000018c1cf26820, 0x0000018c1cf275b0,
0x0000018c1cf28050, 0x0000018c1cf900d0, 0x0000018c1dc428c0, 0x0000018c1dc4ee30,
0x0000018c1e1805e0, 0x0000018c1e180ab0, 0x0000018c1ee1a440, 0x0000018c1f946ee0,
0x0000018c1f946540, 0x0000018c1f949090
}

Java Threads: ( => current thread )
  0x0000018c02291b40 JavaThread "main" [_thread_blocked, id=9020, stack(0x0000004f0de00000,0x0000004f0df00000)]
  0x0000018c1cf0b3d0 JavaThread "Reference Handler" daemon [_thread_blocked, id=9008, stack(0x0000004f0e500000,0x0000004f0e600000)]
  0x0000018c1cf0e250 JavaThread "Finalizer" daemon [_thread_blocked, id=8552, stack(0x0000004f0e600000,0x0000004f0e700000)]
  0x0000018c1cf24b10 JavaThread "Signal Dispatcher" daemon [_thread_blocked, id=5984, stack(0x0000004f0e700000,0x0000004f0e800000)]
  0x0000018c1cf254c0 JavaThread "Attach Listener" daemon [_thread_blocked, id=4100, stack(0x0000004f0e800000,0x0000004f0e900000)]
  0x0000018c1cf25e70 JavaThread "Service Thread" daemon [_thread_blocked, id=7128, stack(0x0000004f0e900000,0x0000004f0ea00000)]
  0x0000018c1cf26820 JavaThread "Monitor Deflation Thread" daemon [_thread_blocked, id=632, stack(0x0000004f0ea00000,0x0000004f0eb00000)]
=>0x0000018c1cf275b0 JavaThread "C2 CompilerThread0" daemon [_thread_in_native, id=7104, stack(0x0000004f0eb00000,0x0000004f0ec00000)]
  0x0000018c1cf28050 JavaThread "C1 CompilerThread0" daemon [_thread_blocked, id=1928, stack(0x0000004f0ec00000,0x0000004f0ed00000)]
  0x0000018c1cf900d0 JavaThread "Sweeper thread" daemon [_thread_blocked, id=3668, stack(0x0000004f0ed00000,0x0000004f0ee00000)]
  0x0000018c1dc428c0 JavaThread "Notification Thread" daemon [_thread_blocked, id=6884, stack(0x0000004f0ee00000,0x0000004f0ef00000)]
  0x0000018c1dc4ee30 JavaThread "Common-Cleaner" daemon [_thread_blocked, id=7492, stack(0x0000004f0f000000,0x0000004f0f100000)]
  0x0000018c1e1805e0 JavaThread "Thread-0" [_thread_blocked, id=8612, stack(0x0000004f0f200000,0x0000004f0f300000)]
  0x0000018c1e180ab0 JavaThread "restartedMain" [_thread_in_native, id=2220, stack(0x0000004f0f300000,0x0000004f0f400000)]
  0x0000018c1ee1a440 JavaThread "RMI TCP Accept-0" daemon [_thread_in_native, id=6776, stack(0x0000004f0f500000,0x0000004f0f600000)]
  0x0000018c1f946ee0 JavaThread "RMI TCP Connection(1)-127.0.0.1" daemon [_thread_in_vm, id=7704, stack(0x0000004f0f400000,0x0000004f0f500000)]
  0x0000018c1f946540 JavaThread "RMI Scheduler(0)" daemon [_thread_blocked, id=5148, stack(0x0000004f0f600000,0x0000004f0f700000)]
  0x0000018c1f949090 JavaThread "JMX server connection timeout 22" daemon [_thread_blocked, id=3264, stack(0x0000004f0f700000,0x0000004f0f800000)]

Other Threads:
  0x0000018c1cf05770 VMThread "VM Thread" [stack: 0x0000004f0e400000,0x0000004f0e500000] [id=5136]
  0x0000018c1dc451a0 WatcherThread [stack: 0x0000004f0ef00000,0x0000004f0f000000] [id=2236]
  0x0000018c022c85a0 GCTaskThread "GC Thread#0" [stack: 0x0000004f0df00000,0x0000004f0e000000] [id=5228]
  0x0000018c1e0a6180 GCTaskThread "GC Thread#1" [stack: 0x0000004f0f100000,0x0000004f0f200000] [id=8376]
  0x0000018c022d11a0 ConcurrentGCThread "G1 Main Marker" [stack: 0x0000004f0e000000,0x0000004f0e100000] [id=1320]
  0x0000018c022d1bb0 ConcurrentGCThread "G1 Conc#0" [stack: 0x0000004f0e100000,0x0000004f0e200000] [id=3812]
  0x0000018c02305980 ConcurrentGCThread "G1 Refine#0" [stack: 0x0000004f0e200000,0x0000004f0e300000] [id=7828]
  0x0000018c023063a0 ConcurrentGCThread "G1 Service" [stack: 0x0000004f0e300000,0x0000004f0e400000] [id=4700]

Threads with active compile tasks:
C2 CompilerThread0    37650 1917       4       jdk.internal.org.objectweb.asm.Frame::execute (2305 bytes)

VM state: not at safepoint (normal execution)

VM Mutex/Monitor currently owned by a thread: None

Heap address: 0x00000000c1a00000, size: 998 MB, Compressed Oops mode: 32-bit

CDS archive(s) mapped at: [0x0000000800000000-0x0000000800bc0000-0x0000000800bc0000), size 12320768, SharedBaseAddress: 0x0000000800000000, ArchiveRelocationMode: 0.
Compressed class space mapped at: 0x0000000800c00000-0x0000000840c00000, reserved size: 1073741824
Narrow klass base: 0x0000000800000000, Narrow klass shift: 0, Narrow klass range: 0x100000000

GC Precious Log:
 CPUs: 2 total, 2 available
 Memory: 3985M
 Large Page Support: Disabled
 NUMA Support: Disabled
 Compressed Oops: Enabled (32-bit)
 Heap Region Size: 1M
 Heap Min Capacity: 8M
 Heap Initial Capacity: 64M
 Heap Max Capacity: 998M
 Pre-touch: Disabled
 Parallel Workers: 2
 Concurrent Workers: 1
 Concurrent Refinement Workers: 2
 Periodic GC: Disabled

Heap:
 garbage-first heap   total 65536K, used 28404K [0x00000000c1a00000, 0x0000000100000000)
  region size 1024K, 24 young (24576K), 5 survivors (5120K)
 Metaspace       used 20973K, committed 21184K, reserved 1073152K
  class space    used 2669K, committed 2752K, reserved 1048576K

Heap Regions: E=young(eden), S=young(survivor), O=old, HS=humongous(starts), HC=humongous(continues), CS=collection set, F=free, OA=open archive, CA=closed archive, TAMS=top-at-mark-start (previous, next)
|   0|0x00000000c1a00000, 0x00000000c1b00000, 0x00000000c1b00000|100%|HS|  |TAMS 0x00000000c1a00000, 0x00000000c1a00000| Complete 
|   1|0x00000000c1b00000, 0x00000000c1c00000, 0x00000000c1c00000|100%| O|  |TAMS 0x00000000c1b00000, 0x00000000c1b00000| Untracked 
|   2|0x00000000c1c00000, 0x00000000c1d00000, 0x00000000c1d00000|100%| O|  |TAMS 0x00000000c1c00000, 0x00000000c1c00000| Untracked 
|   3|0x00000000c1d00000, 0x00000000c1e00000, 0x00000000c1e00000|100%| O|  |TAMS 0x00000000c1d00000, 0x00000000c1d00000| Untracked 
|   4|0x00000000c1e00000, 0x00000000c1f00000, 0x00000000c1f00000|100%| O|  |TAMS 0x00000000c1e00000, 0x00000000c1e00000| Untracked 
|   5|0x00000000c1f00000, 0x00000000c1f3d400, 0x00000000c2000000| 23%| O|  |TAMS 0x00000000c1f00000, 0x00000000c1f00000| Untracked 
|   6|0x00000000c2000000, 0x00000000c2000000, 0x00000000c2100000|  0%| F|  |TAMS 0x00000000c2000000, 0x00000000c2000000| Untracked 
|   7|0x00000000c2100000, 0x00000000c2100000, 0x00000000c2200000|  0%| F|  |TAMS 0x00000000c2100000, 0x00000000c2100000| Untracked 
|   8|0x00000000c2200000, 0x00000000c2200000, 0x00000000c2300000|  0%| F|  |TAMS 0x00000000c2200000, 0x00000000c2200000| Untracked 
|   9|0x00000000c2300000, 0x00000000c2300000, 0x00000000c2400000|  0%| F|  |TAMS 0x00000000c2300000, 0x00000000c2300000| Untracked 
|  10|0x00000000c2400000, 0x00000000c2400000, 0x00000000c2500000|  0%| F|  |TAMS 0x00000000c2400000, 0x00000000c2400000| Untracked 
|  11|0x00000000c2500000, 0x00000000c2500000, 0x00000000c2600000|  0%| F|  |TAMS 0x00000000c2500000, 0x00000000c2500000| Untracked 
|  12|0x00000000c2600000, 0x00000000c2600000, 0x00000000c2700000|  0%| F|  |TAMS 0x00000000c2600000, 0x00000000c2600000| Untracked 
|  13|0x00000000c2700000, 0x00000000c2700000, 0x00000000c2800000|  0%| F|  |TAMS 0x00000000c2700000, 0x00000000c2700000| Untracked 
|  14|0x00000000c2800000, 0x00000000c2800000, 0x00000000c2900000|  0%| F|  |TAMS 0x00000000c2800000, 0x00000000c2800000| Untracked 
|  15|0x00000000c2900000, 0x00000000c2900000, 0x00000000c2a00000|  0%| F|  |TAMS 0x00000000c2900000, 0x00000000c2900000| Untracked 
|  16|0x00000000c2a00000, 0x00000000c2a00000, 0x00000000c2b00000|  0%| F|  |TAMS 0x00000000c2a00000, 0x00000000c2a00000| Untracked 
|  17|0x00000000c2b00000, 0x00000000c2b00000, 0x00000000c2c00000|  0%| F|  |TAMS 0x00000000c2b00000, 0x00000000c2b00000| Untracked 
|  18|0x00000000c2c00000, 0x00000000c2c00000, 0x00000000c2d00000|  0%| F|  |TAMS 0x00000000c2c00000, 0x00000000c2c00000| Untracked 
|  19|0x00000000c2d00000, 0x00000000c2d00000, 0x00000000c2e00000|  0%| F|  |TAMS 0x00000000c2d00000, 0x00000000c2d00000| Untracked 
|  20|0x00000000c2e00000, 0x00000000c2e00000, 0x00000000c2f00000|  0%| F|  |TAMS 0x00000000c2e00000, 0x00000000c2e00000| Untracked 
|  21|0x00000000c2f00000, 0x00000000c2f00000, 0x00000000c3000000|  0%| F|  |TAMS 0x00000000c2f00000, 0x00000000c2f00000| Untracked 
|  22|0x00000000c3000000, 0x00000000c3000000, 0x00000000c3100000|  0%| F|  |TAMS 0x00000000c3000000, 0x00000000c3000000| Untracked 
|  23|0x00000000c3100000, 0x00000000c3100000, 0x00000000c3200000|  0%| F|  |TAMS 0x00000000c3100000, 0x00000000c3100000| Untracked 
|  24|0x00000000c3200000, 0x00000000c3200000, 0x00000000c3300000|  0%| F|  |TAMS 0x00000000c3200000, 0x00000000c3200000| Untracked 
|  25|0x00000000c3300000, 0x00000000c337fff8, 0x00000000c3400000| 49%| S|CS|TAMS 0x00000000c3300000, 0x00000000c3300000| Complete 
|  26|0x00000000c3400000, 0x00000000c3500000, 0x00000000c3500000|100%| S|CS|TAMS 0x00000000c3400000, 0x00000000c3400000| Complete 
|  27|0x00000000c3500000, 0x00000000c3600000, 0x00000000c3600000|100%| S|CS|TAMS 0x00000000c3500000, 0x00000000c3500000| Complete 
|  28|0x00000000c3600000, 0x00000000c3700000, 0x00000000c3700000|100%| S|CS|TAMS 0x00000000c3600000, 0x00000000c3600000| Complete 
|  29|0x00000000c3700000, 0x00000000c3800000, 0x00000000c3800000|100%| S|CS|TAMS 0x00000000c3700000, 0x00000000c3700000| Complete 
|  30|0x00000000c3800000, 0x00000000c3800000, 0x00000000c3900000|  0%| F|  |TAMS 0x00000000c3800000, 0x00000000c3800000| Untracked 
|  31|0x00000000c3900000, 0x00000000c3900000, 0x00000000c3a00000|  0%| F|  |TAMS 0x00000000c3900000, 0x00000000c3900000| Untracked 
|  32|0x00000000c3a00000, 0x00000000c3a00000, 0x00000000c3b00000|  0%| F|  |TAMS 0x00000000c3a00000, 0x00000000c3a00000| Untracked 
|  33|0x00000000c3b00000, 0x00000000c3b00000, 0x00000000c3c00000|  0%| F|  |TAMS 0x00000000c3b00000, 0x00000000c3b00000| Untracked 
|  34|0x00000000c3c00000, 0x00000000c3c00000, 0x00000000c3d00000|  0%| F|  |TAMS 0x00000000c3c00000, 0x00000000c3c00000| Untracked 
|  35|0x00000000c3d00000, 0x00000000c3d00000, 0x00000000c3e00000|  0%| F|  |TAMS 0x00000000c3d00000, 0x00000000c3d00000| Untracked 
|  36|0x00000000c3e00000, 0x00000000c3e00000, 0x00000000c3f00000|  0%| F|  |TAMS 0x00000000c3e00000, 0x00000000c3e00000| Untracked 
|  37|0x00000000c3f00000, 0x00000000c3f00000, 0x00000000c4000000|  0%| F|  |TAMS 0x00000000c3f00000, 0x00000000c3f00000| Untracked 
|  38|0x00000000c4000000, 0x00000000c4000000, 0x00000000c4100000|  0%| F|  |TAMS 0x00000000c4000000, 0x00000000c4000000| Untracked 
|  39|0x00000000c4100000, 0x00000000c4100000, 0x00000000c4200000|  0%| F|  |TAMS 0x00000000c4100000, 0x00000000c4100000| Untracked 
|  40|0x00000000c4200000, 0x00000000c4200000, 0x00000000c4300000|  0%| F|  |TAMS 0x00000000c4200000, 0x00000000c4200000| Untracked 
|  41|0x00000000c4300000, 0x00000000c4300000, 0x00000000c4400000|  0%| F|  |TAMS 0x00000000c4300000, 0x00000000c4300000| Untracked 
|  42|0x00000000c4400000, 0x00000000c4400000, 0x00000000c4500000|  0%| F|  |TAMS 0x00000000c4400000, 0x00000000c4400000| Untracked 
|  43|0x00000000c4500000, 0x00000000c4500000, 0x00000000c4600000|  0%| F|  |TAMS 0x00000000c4500000, 0x00000000c4500000| Untracked 
|  44|0x00000000c4600000, 0x00000000c4600000, 0x00000000c4700000|  0%| F|  |TAMS 0x00000000c4600000, 0x00000000c4600000| Untracked 
|  45|0x00000000c4700000, 0x00000000c47282f8, 0x00000000c4800000| 15%| E|  |TAMS 0x00000000c4700000, 0x00000000c4700000| Complete 
|  46|0x00000000c4800000, 0x00000000c4900000, 0x00000000c4900000|100%| E|CS|TAMS 0x00000000c4800000, 0x00000000c4800000| Complete 
|  47|0x00000000c4900000, 0x00000000c4a00000, 0x00000000c4a00000|100%| E|CS|TAMS 0x00000000c4900000, 0x00000000c4900000| Complete 
|  48|0x00000000c4a00000, 0x00000000c4b00000, 0x00000000c4b00000|100%| E|CS|TAMS 0x00000000c4a00000, 0x00000000c4a00000| Complete 
|  49|0x00000000c4b00000, 0x00000000c4c00000, 0x00000000c4c00000|100%| E|CS|TAMS 0x00000000c4b00000, 0x00000000c4b00000| Complete 
|  50|0x00000000c4c00000, 0x00000000c4d00000, 0x00000000c4d00000|100%| E|CS|TAMS 0x00000000c4c00000, 0x00000000c4c00000| Complete 
|  51|0x00000000c4d00000, 0x00000000c4e00000, 0x00000000c4e00000|100%| E|CS|TAMS 0x00000000c4d00000, 0x00000000c4d00000| Complete 
|  52|0x00000000c4e00000, 0x00000000c4f00000, 0x00000000c4f00000|100%| E|CS|TAMS 0x00000000c4e00000, 0x00000000c4e00000| Complete 
|  53|0x00000000c4f00000, 0x00000000c5000000, 0x00000000c5000000|100%| E|CS|TAMS 0x00000000c4f00000, 0x00000000c4f00000| Complete 
|  54|0x00000000c5000000, 0x00000000c5100000, 0x00000000c5100000|100%| E|CS|TAMS 0x00000000c5000000, 0x00000000c5000000| Complete 
|  55|0x00000000c5100000, 0x00000000c5200000, 0x00000000c5200000|100%| E|CS|TAMS 0x00000000c5100000, 0x00000000c5100000| Complete 
|  56|0x00000000c5200000, 0x00000000c5300000, 0x00000000c5300000|100%| E|CS|TAMS 0x00000000c5200000, 0x00000000c5200000| Complete 
|  57|0x00000000c5300000, 0x00000000c5400000, 0x00000000c5400000|100%| E|CS|TAMS 0x00000000c5300000, 0x00000000c5300000| Complete 
|  58|0x00000000c5400000, 0x00000000c5500000, 0x00000000c5500000|100%| E|CS|TAMS 0x00000000c5400000, 0x00000000c5400000| Complete 
|  59|0x00000000c5500000, 0x00000000c5600000, 0x00000000c5600000|100%| E|CS|TAMS 0x00000000c5500000, 0x00000000c5500000| Complete 
|  60|0x00000000c5600000, 0x00000000c5700000, 0x00000000c5700000|100%| E|CS|TAMS 0x00000000c5600000, 0x00000000c5600000| Complete 
|  61|0x00000000c5700000, 0x00000000c5800000, 0x00000000c5800000|100%| E|CS|TAMS 0x00000000c5700000, 0x00000000c5700000| Complete 
|  62|0x00000000c5800000, 0x00000000c5900000, 0x00000000c5900000|100%| E|CS|TAMS 0x00000000c5800000, 0x00000000c5800000| Complete 
|  63|0x00000000c5900000, 0x00000000c5a00000, 0x00000000c5a00000|100%| E|CS|TAMS 0x00000000c5900000, 0x00000000c5900000| Complete 

Card table byte_map: [0x0000018c02060000,0x0000018c02260000] _byte_map_base: 0x0000018c01a53000

Marking Bits (Prev, Next): (CMBitMap*) 0x0000018c022c8bb0, (CMBitMap*) 0x0000018c022c8bf0
 Prev Bits: [0x0000018c18c90000, 0x0000018c19c28000)
 Next Bits: [0x0000018c19c30000, 0x0000018c1abc8000)

Polling page: 0x0000018c00090000

Metaspace:

Usage:
  Non-class:     17.87 MB used.
      Class:      2.61 MB used.
       Both:     20.48 MB used.

Virtual space:
  Non-class space:       24.00 MB reserved,      18.00 MB ( 75%) committed,  3 nodes.
      Class space:        1.00 GB reserved,       2.69 MB ( <1%) committed,  1 nodes.
             Both:        1.02 GB reserved,      20.69 MB (  2%) committed. 

Chunk freelists:
   Non-Class:  1.60 MB
       Class:  1.13 MB
        Both:  2.73 MB

MaxMetaspaceSize: unlimited
CompressedClassSpaceSize: 1.00 GB
Initial GC threshold: 21.00 MB
Current GC threshold: 21.00 MB
CDS: on
MetaspaceReclaimPolicy: balanced
 - commit_granule_bytes: 65536.
 - commit_granule_words: 8192.
 - virtual_space_node_default_size: 1048576.
 - enlarge_chunks_in_place: 1.
 - new_chunks_are_fully_committed: 0.
 - uncommit_free_chunks: 1.
 - use_allocation_guard: 0.
 - handle_deallocations: 1.


Internal statistics:

num_allocs_failed_limit: 0.
num_arena_births: 258.
num_arena_deaths: 0.
num_vsnodes_births: 4.
num_vsnodes_deaths: 0.
num_space_committed: 331.
num_space_uncommitted: 0.
num_chunks_returned_to_freelist: 0.
num_chunks_taken_from_freelist: 846.
num_chunk_merges: 0.
num_chunk_splits: 580.
num_chunks_enlarged: 460.
num_purges: 0.
num_inconsistent_stats: 0.

CodeHeap 'non-profiled nmethods': size=120064Kb used=732Kb max_used=732Kb free=119331Kb
 bounds [0x0000018c11550000, 0x0000018c117c0000, 0x0000018c18a90000]
CodeHeap 'profiled nmethods': size=120000Kb used=4301Kb max_used=4301Kb free=115698Kb
 bounds [0x0000018c0a020000, 0x0000018c0a460000, 0x0000018c11550000]
CodeHeap 'non-nmethods': size=5696Kb used=1212Kb max_used=1212Kb free=4484Kb
 bounds [0x0000018c09a90000, 0x0000018c09d00000, 0x0000018c0a020000]
 total_blobs=2733 nmethods=2217 adapters=429
 compilation: enabled
              stopped_count=0, restarted_count=0
 full_count=0

Compilation events (20 events):
Event: 26.572 Thread 0x0000018c1cf28050 1965       3       jdk.internal.loader.AbstractClassLoaderValue::extractValue (17 bytes)
Event: 26.572 Thread 0x0000018c1cf28050 nmethod 1965 0x0000018c0a3bf310 code [0x0000018c0a3bf4c0, 0x0000018c0a3bf868]
Event: 26.575 Thread 0x0000018c1cf28050 1966       3       org.springframework.util.ConcurrentReferenceHashMap$Segment::createReferenceArray (5 bytes)
Event: 26.576 Thread 0x0000018c1cf28050 nmethod 1966 0x0000018c0a3bf990 code [0x0000018c0a3bfb20, 0x0000018c0a3bfcd8]
Event: 26.576 Thread 0x0000018c1cf28050 1967       3       org.springframework.util.StringUtils::hasText (24 bytes)
Event: 26.577 Thread 0x0000018c1cf28050 nmethod 1967 0x0000018c0a3bfd90 code [0x0000018c0a3bff40, 0x0000018c0a3c01e8]
Event: 26.577 Thread 0x0000018c1cf28050 1968       3       java.util.Collections$EmptyMap::values (4 bytes)
Event: 26.578 Thread 0x0000018c1cf28050 nmethod 1968 0x0000018c0a3c0310 code [0x0000018c0a3c04a0, 0x0000018c0a3c0618]
Event: 26.578 Thread 0x0000018c1cf28050 1969       3       java.util.Collections$EmptySet::toArray (11 bytes)
Event: 26.578 Thread 0x0000018c1cf28050 nmethod 1969 0x0000018c0a3c0710 code [0x0000018c0a3c08c0, 0x0000018c0a3c0bb8]
Event: 26.579 Thread 0x0000018c1cf28050 1970       3       java.lang.reflect.Method::hashCode (19 bytes)
Event: 26.579 Thread 0x0000018c1cf28050 nmethod 1970 0x0000018c0a3c0c90 code [0x0000018c0a3c0e60, 0x0000018c0a3c1108]
Event: 26.580 Thread 0x0000018c1cf28050 1971       3       java.util.ArrayList::indexOfRange (71 bytes)
Event: 26.581 Thread 0x0000018c1cf28050 nmethod 1971 0x0000018c0a3c1290 code [0x0000018c0a3c1460, 0x0000018c0a3c1928]
Event: 26.582 Thread 0x0000018c1cf28050 1972       3       java.util.AbstractCollection::addAll (42 bytes)
Event: 26.583 Thread 0x0000018c1cf28050 nmethod 1972 0x0000018c0a3c1b10 code [0x0000018c0a3c1d00, 0x0000018c0a3c2238]
Event: 26.584 Thread 0x0000018c1cf28050 1973       1       org.springframework.core.annotation.AnnotationTypeMapping::getAttributes (5 bytes)
Event: 26.584 Thread 0x0000018c1cf28050 nmethod 1973 0x0000018c115fe710 code [0x0000018c115fe8a0, 0x0000018c115fe978]
Event: 26.584 Thread 0x0000018c1cf28050 1974       3       java.nio.Buffer::limit (65 bytes)
Event: 26.585 Thread 0x0000018c1cf28050 nmethod 1974 0x0000018c0a3c2390 code [0x0000018c0a3c2540, 0x0000018c0a3c2808]

GC Heap History (8 events):
Event: 2.858 GC heap before
{Heap before GC invocations=0 (full 0):
 garbage-first heap   total 65536K, used 6144K [0x00000000c1a00000, 0x0000000100000000)
  region size 1024K, 6 young (6144K), 0 survivors (0K)
 Metaspace       used 419K, committed 576K, reserved 1056768K
  class space    used 17K, committed 128K, reserved 1048576K
}
Event: 2.877 GC heap after
{Heap after GC invocations=1 (full 0):
 garbage-first heap   total 65536K, used 4831K [0x00000000c1a00000, 0x0000000100000000)
  region size 1024K, 1 young (1024K), 1 survivors (1024K)
 Metaspace       used 419K, committed 576K, reserved 1056768K
  class space    used 17K, committed 128K, reserved 1048576K
}
Event: 7.063 GC heap before
{Heap before GC invocations=1 (full 0):
 garbage-first heap   total 65536K, used 6879K [0x00000000c1a00000, 0x0000000100000000)
  region size 1024K, 4 young (4096K), 1 survivors (1024K)
 Metaspace       used 1853K, committed 1984K, reserved 1056768K
  class space    used 158K, committed 256K, reserved 1048576K
}
Event: 7.070 GC heap after
{Heap after GC invocations=2 (full 0):
 garbage-first heap   total 65536K, used 5356K [0x00000000c1a00000, 0x0000000100000000)
  region size 1024K, 1 young (1024K), 1 survivors (1024K)
 Metaspace       used 1853K, committed 1984K, reserved 1056768K
  class space    used 158K, committed 256K, reserved 1048576K
}
Event: 13.045 GC heap before
{Heap before GC invocations=2 (full 0):
 garbage-first heap   total 65536K, used 13548K [0x00000000c1a00000, 0x0000000100000000)
  region size 1024K, 9 young (9216K), 1 survivors (1024K)
 Metaspace       used 4253K, committed 4480K, reserved 1056768K
  class space    used 479K, committed 576K, reserved 1048576K
}
Event: 13.052 GC heap after
{Heap after GC invocations=3 (full 0):
 garbage-first heap   total 65536K, used 6412K [0x00000000c1a00000, 0x0000000100000000)
  region size 1024K, 2 young (2048K), 2 survivors (2048K)
 Metaspace       used 4253K, committed 4480K, reserved 1056768K
  class space    used 479K, committed 576K, reserved 1048576K
}
Event: 19.582 GC heap before
{Heap before GC invocations=3 (full 0):
 garbage-first heap   total 65536K, used 18700K [0x00000000c1a00000, 0x0000000100000000)
  region size 1024K, 15 young (15360K), 2 survivors (2048K)
 Metaspace       used 6549K, committed 6720K, reserved 1056768K
  class space    used 764K, committed 832K, reserved 1048576K
}
Event: 19.599 GC heap after
{Heap after GC invocations=4 (full 0):
 garbage-first heap   total 65536K, used 7387K [0x00000000c1a00000, 0x0000000100000000)
  region size 1024K, 2 young (2048K), 2 survivors (2048K)
 Metaspace       used 6549K, committed 6720K, reserved 1056768K
  class space    used 764K, committed 832K, reserved 1048576K
}

Deoptimization events (20 events):
Event: 21.377 Thread 0x0000018c1cf254c0 DEOPT PACKING pc=0x0000018c115b0d0c sp=0x0000004f0e8fdf10
Event: 21.377 Thread 0x0000018c1cf254c0 DEOPT UNPACKING pc=0x0000018c09ae239d sp=0x0000004f0e8fde28 mode 2
Event: 24.051 Thread 0x0000018c1ed72240 DEOPT PACKING pc=0x0000018c0a1ca888 sp=0x0000004f0f4fe350
Event: 24.051 Thread 0x0000018c1ed72240 DEOPT UNPACKING pc=0x0000018c09ae2b24 sp=0x0000004f0f4fd858 mode 0
Event: 24.475 Thread 0x0000018c1cf254c0 Uncommon trap: trap_request=0xffffff45 fr.pc=0x0000018c115e27c8 relative=0x00000000000001a8
Event: 24.475 Thread 0x0000018c1cf254c0 Uncommon trap: reason=unstable_if action=reinterpret pc=0x0000018c115e27c8 method=java.util.HashMap.getNode(Ljava/lang/Object;)Ljava/util/HashMap$Node; @ 66 c2
Event: 24.475 Thread 0x0000018c1cf254c0 DEOPT PACKING pc=0x0000018c115e27c8 sp=0x0000004f0e8fd950
Event: 24.475 Thread 0x0000018c1cf254c0 DEOPT UNPACKING pc=0x0000018c09ae239d sp=0x0000004f0e8fd8c0 mode 2
Event: 24.475 Thread 0x0000018c1cf254c0 Uncommon trap: trap_request=0xffffffc6 fr.pc=0x0000018c115c6cdc relative=0x00000000000007dc
Event: 24.476 Thread 0x0000018c1cf254c0 Uncommon trap: reason=bimorphic_or_optimized_type_check action=maybe_recompile pc=0x0000018c115c6cdc method=java.util.HashMap.putVal(ILjava/lang/Object;Ljava/lang/Object;ZZ)Ljava/lang/Object; @ 91 c2
Event: 24.476 Thread 0x0000018c1cf254c0 DEOPT PACKING pc=0x0000018c115c6cdc sp=0x0000004f0e8fd910
Event: 24.476 Thread 0x0000018c1cf254c0 DEOPT UNPACKING pc=0x0000018c09ae239d sp=0x0000004f0e8fd8a0 mode 2
Event: 25.781 Thread 0x0000018c1ed72240 Uncommon trap: trap_request=0xffffff45 fr.pc=0x0000018c115b1f94 relative=0x0000000000000bf4
Event: 25.781 Thread 0x0000018c1ed72240 Uncommon trap: reason=unstable_if action=reinterpret pc=0x0000018c115b1f94 method=java.util.concurrent.ConcurrentHashMap.addCount(JI)V @ 34 c2
Event: 25.781 Thread 0x0000018c1ed72240 DEOPT PACKING pc=0x0000018c115b1f94 sp=0x0000004f0f4fe310
Event: 25.781 Thread 0x0000018c1ed72240 DEOPT UNPACKING pc=0x0000018c09ae239d sp=0x0000004f0f4fe1d0 mode 2
Event: 26.203 Thread 0x0000018c1e180ab0 Uncommon trap: trap_request=0xffffff45 fr.pc=0x0000018c115c1760 relative=0x00000000000002c0
Event: 26.203 Thread 0x0000018c1e180ab0 Uncommon trap: reason=unstable_if action=reinterpret pc=0x0000018c115c1760 method=jdk.internal.org.objectweb.asm.SymbolTable.put(Ljdk/internal/org/objectweb/asm/SymbolTable$Entry;)Ljdk/internal/org/objectweb/asm/SymbolTable$Entry; @ 13 c2
Event: 26.203 Thread 0x0000018c1e180ab0 DEOPT PACKING pc=0x0000018c115c1760 sp=0x0000004f0f3fce60
Event: 26.203 Thread 0x0000018c1e180ab0 DEOPT UNPACKING pc=0x0000018c09ae239d sp=0x0000004f0f3fcde0 mode 2

Classes unloaded (0 events):
No events

Classes redefined (0 events):
No events

Internal exceptions (20 events):
Event: 21.190 Thread 0x0000018c1e180ab0 Exception <a 'java/lang/NoSuchMethodError'{0x00000000c569af08}: 'int java.lang.invoke.DirectMethodHandle$Holder.invokeVirtual(java.lang.Object, java.lang.Object)'> (0x00000000c569af08) 
thrown [t:\workspace\open\src\hotspot\share\interpreter\linkResolver.cpp, line 766]
Event: 21.411 Thread 0x0000018c1e180ab0 Exception <a 'java/lang/NoSuchMethodError'{0x00000000c5552920}: 'java.lang.Object java.lang.invoke.DirectMethodHandle$Holder.invokeSpecial(java.lang.Object, java.lang.Object, java.lang.Object, int, java.lang.Object)'> (0x00000000c5552920) 
thrown [t:\workspace\open\src\hotspot\share\interpreter\linkResolver.cpp, line 766]
Event: 21.426 Thread 0x0000018c1e180ab0 Exception <a 'java/lang/NoSuchMethodError'{0x00000000c55cc988}: 'java.lang.Object java.lang.invoke.DirectMethodHandle$Holder.newInvokeSpecial(java.lang.Object, java.lang.Object, java.lang.Object, int, java.lang.Object)'> (0x00000000c55cc988) 
thrown [t:\workspace\open\src\hotspot\share\interpreter\linkResolver.cpp, line 766]
Event: 21.428 Thread 0x0000018c1e180ab0 Exception <a 'java/lang/NoSuchMethodError'{0x00000000c55d4358}: 'java.lang.Object java.lang.invoke.Invokers$Holder.linkToTargetMethod(java.lang.Object, java.lang.Object, int, java.lang.Object, java.lang.Object)'> (0x00000000c55d4358) 
thrown [t:\workspace\open\src\hotspot\share\interpreter\linkResolver.cpp, line 766]
Event: 21.434 Thread 0x0000018c1e180ab0 Exception <a 'java/lang/NoSuchMethodError'{0x00000000c55e6b18}: 'java.lang.Object java.lang.invoke.DirectMethodHandle$Holder.newInvokeSpecial(java.lang.Object, int, java.lang.Object)'> (0x00000000c55e6b18) 
thrown [t:\workspace\open\src\hotspot\share\interpreter\linkResolver.cpp, line 766]
Event: 21.436 Thread 0x0000018c1e180ab0 Exception <a 'java/lang/NoSuchMethodError'{0x00000000c55eb7f8}: 'int java.lang.invoke.DirectMethodHandle$Holder.invokeSpecialIFC(java.lang.Object, java.lang.Object, java.lang.Object, java.lang.Object)'> (0x00000000c55eb7f8) 
thrown [t:\workspace\open\src\hotspot\share\interpreter\linkResolver.cpp, line 766]
Event: 21.808 Thread 0x0000018c1e180ab0 Exception <a 'java/lang/NoSuchMethodError'{0x00000000c53cd0f0}: 'void java.lang.invoke.DirectMethodHandle$Holder.invokeInterface(java.lang.Object, java.lang.Object, java.lang.Object)'> (0x00000000c53cd0f0) 
thrown [t:\workspace\open\src\hotspot\share\interpreter\linkResolver.cpp, line 766]
Event: 21.944 Thread 0x0000018c1e180ab0 Exception <a 'java/lang/NoSuchMethodError'{0x00000000c526aa88}: 'void java.lang.invoke.DirectMethodHandle$Holder.invokeStaticInit(java.lang.Object, java.lang.Object)'> (0x00000000c526aa88) 
thrown [t:\workspace\open\src\hotspot\share\interpreter\linkResolver.cpp, line 766]
Event: 21.974 Thread 0x0000018c1e180ab0 Exception <a 'java/lang/NoSuchMethodError'{0x00000000c5277f70}: 'void java.lang.invoke.DirectMethodHandle$Holder.invokeStaticInit(java.lang.Object, java.lang.Object, java.lang.Object)'> (0x00000000c5277f70) 
thrown [t:\workspace\open\src\hotspot\share\interpreter\linkResolver.cpp, line 766]
Event: 22.373 Thread 0x0000018c1e180ab0 Exception <a 'java/lang/NoSuchMethodError'{0x00000000c52ee0b0}: 'java.lang.Object java.lang.invoke.DirectMethodHandle$Holder.invokeStatic(java.lang.Object, java.lang.Object, long, java.lang.Object)'> (0x00000000c52ee0b0) 
thrown [t:\workspace\open\src\hotspot\share\interpreter\linkResolver.cpp, line 766]
Event: 22.374 Thread 0x0000018c1e180ab0 Exception <a 'java/lang/NoSuchMethodError'{0x00000000c52f1b48}: 'java.lang.Object java.lang.invoke.DirectMethodHandle$Holder.invokeStaticInit(java.lang.Object, java.lang.Object, long, java.lang.Object)'> (0x00000000c52f1b48) 
thrown [t:\workspace\open\src\hotspot\share\interpreter\linkResolver.cpp, line 766]
Event: 22.376 Thread 0x0000018c1e180ab0 Exception <a 'java/lang/NoSuchMethodError'{0x00000000c52f8198}: 'java.lang.Object java.lang.invoke.DirectMethodHandle$Holder.newInvokeSpecial(java.lang.Object, java.lang.Object, long)'> (0x00000000c52f8198) 
thrown [t:\workspace\open\src\hotspot\share\interpreter\linkResolver.cpp, line 766]
Event: 22.377 Thread 0x0000018c1e180ab0 Exception <a 'java/lang/NoSuchMethodError'{0x00000000c52fbd08}: 'java.lang.Object java.lang.invoke.Invokers$Holder.linkToTargetMethod(java.lang.Object, long, java.lang.Object)'> (0x00000000c52fbd08) 
thrown [t:\workspace\open\src\hotspot\share\interpreter\linkResolver.cpp, line 766]
Event: 23.434 Thread 0x0000018c1e180ab0 Exception <a 'java/lang/NoSuchMethodError'{0x00000000c51b3d78}: 'void java.lang.invoke.DirectMethodHandle$Holder.invokeVirtual(java.lang.Object, java.lang.Object, java.lang.Object, java.lang.Object)'> (0x00000000c51b3d78) 
thrown [t:\workspace\open\src\hotspot\share\interpreter\linkResolver.cpp, line 766]
Event: 23.619 Thread 0x0000018c1cf254c0 Exception <a 'java/lang/NoSuchMethodError'{0x00000000c4f066b8}: 'java.lang.Object java.lang.invoke.DirectMethodHandle$Holder.invokeStaticInit(java.lang.Object, int, int, int, int)'> (0x00000000c4f066b8) 
thrown [t:\workspace\open\src\hotspot\share\interpreter\linkResolver.cpp, line 766]
Event: 23.720 Thread 0x0000018c1e180ab0 Exception <a 'java/lang/NoSuchMethodError'{0x00000000c4f78af8}: 'void java.lang.invoke.DirectMethodHandle$Holder.invokeSpecial(java.lang.Object, java.lang.Object, java.lang.Object)'> (0x00000000c4f78af8) 
thrown [t:\workspace\open\src\hotspot\share\interpreter\linkResolver.cpp, line 766]
Event: 23.724 Thread 0x0000018c1e180ab0 Exception <a 'java/lang/NoSuchMethodError'{0x00000000c4f7f0d0}: 'void java.lang.invoke.DirectMethodHandle$Holder.invokeSpecial(java.lang.Object, java.lang.Object, java.lang.Object, java.lang.Object, java.lang.Object)'> (0x00000000c4f7f0d0) 
thrown [t:\workspace\open\src\hotspot\share\interpreter\linkResolver.cpp, line 766]
Event: 23.772 Thread 0x0000018c1e180ab0 Exception <a 'java/lang/IncompatibleClassChangeError'{0x00000000c4fb1040}: Found class java.lang.Object, but interface was expected> (0x00000000c4fb1040) 
thrown [t:\workspace\open\src\hotspot\share\interpreter\linkResolver.cpp, line 833]
Event: 24.336 Thread 0x0000018c1cf254c0 Exception <a 'java/lang/NoSuchMethodError'{0x00000000c4f386e0}: 'java.lang.Object java.lang.invoke.DirectMethodHandle$Holder.invokeStaticInit(java.lang.Object, java.lang.Object, int, int, int, int)'> (0x00000000c4f386e0) 
thrown [t:\workspace\open\src\hotspot\share\interpreter\linkResolver.cpp, line 766]
Event: 24.389 Thread 0x0000018c1cf254c0 Exception <a 'java/lang/ClassNotFoundException'{0x00000000c4c305c0}: javax/management/remote/rmi/RMIServerImpl_Skel> (0x00000000c4c305c0) 
thrown [t:\workspace\open\src\hotspot\share\classfile\systemDictionary.cpp, line 256]

VM Operations (20 events):
Event: 21.084 Executing VM operation: HandshakeAllThreads
Event: 21.088 Executing VM operation: HandshakeAllThreads done
Event: 21.504 Executing VM operation: HandshakeAllThreads
Event: 21.511 Executing VM operation: HandshakeAllThreads done
Event: 22.513 Executing VM operation: Cleanup
Event: 22.590 Executing VM operation: Cleanup done
Event: 23.459 Executing VM operation: HandshakeAllThreads
Event: 23.459 Executing VM operation: HandshakeAllThreads done
Event: 23.683 Executing VM operation: HandshakeAllThreads
Event: 23.701 Executing VM operation: HandshakeAllThreads done
Event: 23.701 Executing VM operation: Cleanup
Event: 23.701 Executing VM operation: Cleanup done
Event: 23.701 Executing VM operation: HandshakeAllThreads
Event: 23.703 Executing VM operation: HandshakeAllThreads done
Event: 24.706 Executing VM operation: Cleanup
Event: 24.776 Executing VM operation: Cleanup done
Event: 24.788 Executing VM operation: HandshakeAllThreads
Event: 24.788 Executing VM operation: HandshakeAllThreads done
Event: 25.792 Executing VM operation: Cleanup
Event: 25.796 Executing VM operation: Cleanup done

Events (20 events):
Event: 25.792 loading class javax/xml/parsers/ParserConfigurationException
Event: 25.793 loading class javax/xml/parsers/ParserConfigurationException done
Event: 25.794 loading class org/xml/sax/EntityResolver
Event: 25.794 loading class org/xml/sax/EntityResolver done
Event: 25.797 loading class jdk/internal/reflect/UnsafeQualifiedStaticIntegerFieldAccessorImpl
Event: 25.822 loading class jdk/internal/reflect/UnsafeQualifiedStaticIntegerFieldAccessorImpl done
Event: 25.833 loading class java/io/CharConversionException
Event: 25.833 loading class java/io/CharConversionException done
Event: 25.953 loading class sun/reflect/generics/tree/BooleanSignature
Event: 25.953 loading class sun/reflect/generics/tree/BooleanSignature done
Event: 25.954 loading class sun/reflect/generics/tree/DoubleSignature
Event: 25.954 loading class sun/reflect/generics/tree/DoubleSignature done
Event: 25.954 loading class sun/reflect/generics/tree/FloatSignature
Event: 25.954 loading class sun/reflect/generics/tree/FloatSignature done
Event: 25.955 loading class sun/reflect/generics/tree/IntSignature
Event: 25.955 loading class sun/reflect/generics/tree/IntSignature done
Event: 25.955 loading class sun/reflect/generics/tree/ShortSignature
Event: 25.955 loading class sun/reflect/generics/tree/ShortSignature done
Event: 26.173 loading class java/lang/annotation/Repeatable
Event: 26.174 loading class java/lang/annotation/Repeatable done


Dynamic libraries:
0x00007ff7fc800000 - 0x00007ff7fc810000 	C:\Program Files\Java\jdk-17.0.1\bin\java.exe
0x00007fffac230000 - 0x00007fffac428000 	C:\WINDOWS\SYSTEM32\ntdll.dll
0x00007fffab5b0000 - 0x00007fffab66f000 	C:\WINDOWS\System32\KERNEL32.DLL
0x00007fffa9b90000 - 0x00007fffa9e62000 	C:\WINDOWS\System32\KERNELBASE.dll
0x00007fffa9fd0000 - 0x00007fffaa0d0000 	C:\WINDOWS\System32\ucrtbase.dll
0x00007fff98680000 - 0x00007fff98698000 	C:\Program Files\Java\jdk-17.0.1\bin\jli.dll
0x00007fffab670000 - 0x00007fffab71e000 	C:\WINDOWS\System32\ADVAPI32.dll
0x00007fffaad80000 - 0x00007fffaae1e000 	C:\WINDOWS\System32\msvcrt.dll
0x00007fffaace0000 - 0x00007fffaad7c000 	C:\WINDOWS\System32\sechost.dll
0x00007fffab240000 - 0x00007fffab365000 	C:\WINDOWS\System32\RPCRT4.dll
0x00007fffaae20000 - 0x00007fffaafc1000 	C:\WINDOWS\System32\USER32.dll
0x00007fffa9920000 - 0x00007fffa9942000 	C:\WINDOWS\System32\win32u.dll
0x00007fffabf50000 - 0x00007fffabf7b000 	C:\WINDOWS\System32\GDI32.dll
0x00007fffa9a80000 - 0x00007fffa9b8f000 	C:\WINDOWS\System32\gdi32full.dll
0x00007fffa9950000 - 0x00007fffa99ed000 	C:\WINDOWS\System32\msvcp_win.dll
0x00007fff984f0000 - 0x00007fff9850a000 	C:\Program Files\Java\jdk-17.0.1\bin\VCRUNTIME140.dll
0x00007fff9ed90000 - 0x00007fff9f02a000 	C:\WINDOWS\WinSxS\amd64_microsoft.windows.common-controls_6595b64144ccf1df_6.0.19041.1110_none_60b5254171f9507e\COMCTL32.dll
0x00007fffa1c60000 - 0x00007fffa1c6a000 	C:\WINDOWS\SYSTEM32\VERSION.dll
0x00007fffab370000 - 0x00007fffab3a2000 	C:\WINDOWS\System32\IMM32.DLL
0x00007fff98630000 - 0x00007fff9863c000 	C:\Program Files\Java\jdk-17.0.1\bin\vcruntime140_1.dll
0x00007fff83900000 - 0x00007fff8398d000 	C:\Program Files\Java\jdk-17.0.1\bin\msvcp140.dll
0x00007fff73460000 - 0x00007fff7401e000 	C:\Program Files\Java\jdk-17.0.1\bin\server\jvm.dll
0x00007fffaafd0000 - 0x00007fffaafd8000 	C:\WINDOWS\System32\PSAPI.DLL
0x00007fff9a5f0000 - 0x00007fff9a5f9000 	C:\WINDOWS\SYSTEM32\WSOCK32.dll
0x00007fffaa2f0000 - 0x00007fffaa35b000 	C:\WINDOWS\System32\WS2_32.dll
0x00007fff9b9c0000 - 0x00007fff9b9e7000 	C:\WINDOWS\SYSTEM32\WINMM.dll
0x00007fffa77e0000 - 0x00007fffa77f2000 	C:\WINDOWS\SYSTEM32\kernel.appcore.dll
0x00007fff983b0000 - 0x00007fff983ba000 	C:\Program Files\Java\jdk-17.0.1\bin\jimage.dll
0x00007fffa0d50000 - 0x00007fffa0f34000 	C:\WINDOWS\SYSTEM32\DBGHELP.DLL
0x00007fffa0c90000 - 0x00007fffa0cc5000 	C:\WINDOWS\SYSTEM32\dbgcore.DLL
0x00007fffa99f0000 - 0x00007fffa9a72000 	C:\WINDOWS\System32\bcryptPrimitives.dll
0x00007fff959d0000 - 0x00007fff959f5000 	C:\Program Files\Java\jdk-17.0.1\bin\java.dll
0x00007fff828a0000 - 0x00007fff82976000 	C:\Program Files\Java\jdk-17.0.1\bin\svml.dll
0x00007fffab720000 - 0x00007fffabe64000 	C:\WINDOWS\System32\SHELL32.dll
0x00007fffa79e0000 - 0x00007fffa8172000 	C:\WINDOWS\SYSTEM32\windows.storage.dll
0x00007fffaa980000 - 0x00007fffaacd5000 	C:\WINDOWS\System32\combase.dll
0x00007fffa9380000 - 0x00007fffa93b0000 	C:\WINDOWS\SYSTEM32\Wldp.dll
0x00007fffab500000 - 0x00007fffab5ad000 	C:\WINDOWS\System32\SHCORE.dll
0x00007fffabf80000 - 0x00007fffabfd5000 	C:\WINDOWS\System32\shlwapi.dll
0x00007fffa9860000 - 0x00007fffa987f000 	C:\WINDOWS\SYSTEM32\profapi.dll
0x00007fff97ff0000 - 0x00007fff98009000 	C:\Program Files\Java\jdk-17.0.1\bin\net.dll
0x00007fffa2f50000 - 0x00007fffa305c000 	C:\WINDOWS\SYSTEM32\WINHTTP.dll
0x00007fffa90e0000 - 0x00007fffa914a000 	C:\WINDOWS\system32\mswsock.dll
0x00007fff97520000 - 0x00007fff97535000 	C:\Program Files\Java\jdk-17.0.1\bin\nio.dll
0x00007fff970f0000 - 0x00007fff97108000 	C:\Program Files\Java\jdk-17.0.1\bin\zip.dll
0x00007fff979b0000 - 0x00007fff979b9000 	C:\Program Files\Java\jdk-17.0.1\bin\management.dll
0x00007fff96050000 - 0x00007fff9605b000 	C:\Program Files\Java\jdk-17.0.1\bin\management_ext.dll
0x00007fffa8dd0000 - 0x00007fffa8e9a000 	C:\WINDOWS\SYSTEM32\DNSAPI.dll
0x00007fffa8d80000 - 0x00007fffa8dbb000 	C:\WINDOWS\SYSTEM32\IPHLPAPI.DLL
0x00007fffab4f0000 - 0x00007fffab4f8000 	C:\WINDOWS\System32\NSI.dll
0x00007fffa28c0000 - 0x00007fffa28ca000 	C:\Windows\System32\rasadhlp.dll
0x00007fffa28e0000 - 0x00007fffa2960000 	C:\WINDOWS\System32\fwpuclnt.dll
0x00007fffaa190000 - 0x00007fffaa1b7000 	C:\WINDOWS\System32\bcrypt.dll
0x00007fffa92d0000 - 0x00007fffa92e8000 	C:\WINDOWS\SYSTEM32\CRYPTSP.dll
0x00007fffa8990000 - 0x00007fffa89c4000 	C:\WINDOWS\system32\rsaenh.dll
0x00007fffa97e0000 - 0x00007fffa980e000 	C:\WINDOWS\SYSTEM32\USERENV.dll
0x00007fffa92f0000 - 0x00007fffa92fc000 	C:\WINDOWS\SYSTEM32\CRYPTBASE.dll
0x00007fffa3480000 - 0x00007fffa3497000 	C:\WINDOWS\SYSTEM32\dhcpcsvc6.DLL
0x00007fffa3460000 - 0x00007fffa347d000 	C:\WINDOWS\SYSTEM32\dhcpcsvc.DLL
0x00007fff99c00000 - 0x00007fff99c10000 	C:\Program Files\Java\jdk-17.0.1\bin\verify.dll

dbghelp: loaded successfully - version: 4.0.5 - missing functions: none
symbol engine: initialized successfully - sym options: 0x614 - pdb path: .;C:\Program Files\Java\jdk-17.0.1\bin;C:\WINDOWS\SYSTEM32;C:\WINDOWS\WinSxS\amd64_microsoft.windows.common-controls_6595b64144ccf1df_6.0.19041.1110_none_60b5254171f9507e;C:\Program Files\Java\jdk-17.0.1\bin\server

VM Arguments:
jvm_args: -XX:+ShowCodeDetailsInExceptionMessages -Dspring.jmx.enabled=true -Dmanagement.endpoints.jmx.exposure.include=* -Dspring.application.admin.enabled=true -Dspring.boot.project.name=crud-spring -Djava.rmi.server.hostname=localhost 
java_command: com.avnunes.CrudSpringApplication
java_class_path (initial): E:\curso-angular\crud-angular-spring\crud-spring\target\classes;C:\Users\NOTEBOOK\.m2\repository\org\springframework\boot\spring-boot-starter-actuator\3.0.2\spring-boot-starter-actuator-3.0.2.jar;C:\Users\NOTEBOOK\.m2\repository\org\springframework\boot\spring-boot-starter\3.0.2\spring-boot-starter-3.0.2.jar;C:\Users\NOTEBOOK\.m2\repository\org\springframework\boot\spring-boot-starter-logging\3.0.2\spring-boot-starter-logging-3.0.2.jar;C:\Users\NOTEBOOK\.m2\repository\ch\qos\logback\logback-classic\1.4.5\logback-classic-1.4.5.jar;C:\Users\NOTEBOOK\.m2\repository\ch\qos\logback\logback-core\1.4.5\logback-core-1.4.5.jar;C:\Users\NOTEBOOK\.m2\repository\org\apache\logging\log4j\log4j-to-slf4j\2.19.0\log4j-to-slf4j-2.19.0.jar;C:\Users\NOTEBOOK\.m2\repository\org\apache\logging\log4j\log4j-api\2.19.0\log4j-api-2.19.0.jar;C:\Users\NOTEBOOK\.m2\repository\org\slf4j\jul-to-slf4j\2.0.6\jul-to-slf4j-2.0.6.jar;C:\Users\NOTEBOOK\.m2\repository\jakarta\annotation\jakarta.annotation-api\2.1.1\jakarta.annotation-api-2.1.1.jar;C:\Users\NOTEBOOK\.m2\repository\org\yaml\snakeyaml\1.33\snakeyaml-1.33.jar;C:\Users\NOTEBOOK\.m2\repository\org\springframework\boot\spring-boot-actuator-autoconfigure\3.0.2\spring-boot-actuator-autoconfigure-3.0.2.jar;C:\Users\NOTEBOOK\.m2\repository\org\springframework\boot\spring-boot-actuator\3.0.2\spring-boot-actuator-3.0.2.jar;C:\Users\NOTEBOOK\.m2\repository\com\fasterxml\jackson\core\jackson-databind\2.14.1\jackson-databind-2.14.1.jar;C:\Users\NOTEBOOK\.m2\repository\com\fasterxml\jackson\core\jackson-annotations\2.14.1\jackson-annotations-2.14.1.jar;C:\Users\NOTEBOOK\.m2\repository\com\fasterxml\jackson\core\jackson-core\2.14.1\jackson-core-2.14.1.jar;C:\Users\NOTEBOOK\.m2\repository\com\fasterxml\jackson\datatype\jackson-datatype-jsr310\2.14.1\jackson-datatype-jsr310-2.14.1.jar;C:\Users\NOTEBOOK\.m2\repository\io\micrometer\micrometer-observation\1.10.3\micrometer-observation-1.10.3.jar;C:\Users\NOTEBOOK\.m2\repository\
Launcher Type: SUN_STANDARD

[Global flags]
     intx CICompilerCount                          = 2                                         {product} {ergonomic}
     uint ConcGCThreads                            = 1                                         {product} {ergonomic}
     uint G1ConcRefinementThreads                  = 2                                         {product} {ergonomic}
   size_t G1HeapRegionSize                         = 1048576                                   {product} {ergonomic}
    uintx GCDrainStackTargetSize                   = 64                                        {product} {ergonomic}
   size_t InitialHeapSize                          = 67108864                                  {product} {ergonomic}
   size_t MarkStackSize                            = 4194304                                   {product} {ergonomic}
   size_t MaxHeapSize                              = 1046478848                                {product} {ergonomic}
   size_t MaxNewSize                               = 627048448                                 {product} {ergonomic}
   size_t MinHeapDeltaBytes                        = 1048576                                   {product} {ergonomic}
   size_t MinHeapSize                              = 8388608                                   {product} {ergonomic}
    uintx NonNMethodCodeHeapSize                   = 5826188                                {pd product} {ergonomic}
    uintx NonProfiledCodeHeapSize                  = 122916026                              {pd product} {ergonomic}
    uintx ProfiledCodeHeapSize                     = 122916026                              {pd product} {ergonomic}
    uintx ReservedCodeCacheSize                    = 251658240                              {pd product} {ergonomic}
     bool SegmentedCodeCache                       = true                                      {product} {ergonomic}
     bool ShowCodeDetailsInExceptionMessages       = true                                   {manageable} {command line}
   size_t SoftMaxHeapSize                          = 1046478848                             {manageable} {ergonomic}
     bool UseCompressedClassPointers               = true                           {product lp64_product} {ergonomic}
     bool UseCompressedOops                        = true                           {product lp64_product} {ergonomic}
     bool UseG1GC                                  = true                                      {product} {ergonomic}
     bool UseLargePagesIndividualAllocation        = false                                  {pd product} {ergonomic}

Logging:
Log output configuration:
 #0: stdout all=warning uptime,level,tags
 #1: stderr all=off uptime,level,tags

Environment Variables:
JAVA_HOME=C:\Program Files\Java\jdk-17.0.1
PATH=C:\Program Files\Java\jdk-17.0.1\bin;C:\Program Files\Common Files\Oracle\Java\javapath;C:\WINDOWS\system32;C:\WINDOWS;C:\WINDOWS\System32\Wbem;C:\WINDOWS\System32\WindowsPowerShell\v1.0\;C:\WINDOWS\System32\OpenSSH\;C:\Program Files\Git\cmd;C:\Program Files\TortoiseGit\bin;C:\Program Files\nodejs\;C:\Users\NOTEBOOK\AppData\Local\Microsoft\WindowsApps;C:\Users\NOTEBOOK\AppData\Local\Programs\Microsoft VS Code\bin;C:\Users\NOTEBOOK\AppData\Roaming\npm;C:\Program Files\Java\jdk-17.0.1\bin;C:\apache-maven-3.8.6\bin;
USERNAME=NOTEBOOK
LANG=en_US.UTF-8
OS=Windows_NT
PROCESSOR_IDENTIFIER=Intel64 Family 6 Model 42 Stepping 7, GenuineIntel



---------------  S Y S T E M  ---------------

OS:
 Windows 10 , 64 bit Build 19041 (10.0.19041.2364)
OS uptime: 4 days 3:04 hours

CPU: total 2 (initial active 2) (2 cores per cpu, 1 threads per core) family 6 model 42 stepping 7 microcode 0x2f, cx8, cmov, fxsr, mmx, sse, sse2, sse3, ssse3, sse4.1, sse4.2, popcnt, tsc, tscinvbit, clmul, clflush

Memory: 4k page, system-wide physical 3985M (270M free)
TotalPageFile size 5378M (AvailPageFile size 17M)
current process WorkingSet (physical memory assigned to process): 131M, peak: 131M
current process commit charge ("private bytes"): 183M, peak: 183M

vm_info: Java HotSpot(TM) 64-Bit Server VM (17.0.1+12-LTS-39) for windows-amd64 JRE (17.0.1+12-LTS-39), built on Sep 27 2021 18:41:35 by "mach5one" with MS VC++ 16.8 (VS2019)

END.
